{"/home/travis/build/npmtest/node-npmtest-engine.io/test.js":{"path":"/home/travis/build/npmtest/node-npmtest-engine.io/test.js","s":{"1":2,"2":2,"3":2,"4":2,"5":2,"6":2,"7":2,"8":1,"9":2,"10":2,"11":1,"12":1,"13":1,"14":1,"15":2,"16":2,"17":2,"18":2,"19":1,"20":1,"21":2,"22":2,"23":2,"24":1,"25":1,"26":1,"27":1,"28":1,"29":1,"30":1,"31":1,"32":1,"33":1,"34":1,"35":1,"36":1,"37":2,"38":2,"39":1,"40":2,"41":2,"42":1,"43":2,"44":2,"45":1,"46":2,"47":2,"48":1,"49":1,"50":1,"51":1,"52":1},"b":{"1":[2,1,1,1],"2":[1,1,1,1],"3":[1,1],"4":[1,1],"5":[1,1],"6":[1,1],"7":[1,1],"8":[1,1],"9":[1,1,1],"10":[1,1],"11":[1,1],"12":[1,1],"13":[1,1],"14":[1,1],"15":[1,1],"16":[1,1]},"f":{"1":2,"2":2,"3":2,"4":2,"5":2,"6":1,"7":1,"8":2,"9":2,"10":2,"11":2,"12":1},"fnMap":{"1":{"name":"(anonymous_1)","line":12,"loc":{"start":{"line":12,"column":1},"end":{"line":12,"column":13}}},"2":{"name":"(anonymous_2)","line":19,"loc":{"start":{"line":19,"column":5},"end":{"line":19,"column":17}}},"3":{"name":"(anonymous_3)","line":23,"loc":{"start":{"line":23,"column":24},"end":{"line":23,"column":36}}},"4":{"name":"(anonymous_4)","line":61,"loc":{"start":{"line":61,"column":5},"end":{"line":61,"column":17}}},"5":{"name":"(anonymous_5)","line":82,"loc":{"start":{"line":82,"column":5},"end":{"line":82,"column":17}}},"6":{"name":"(anonymous_6)","line":102,"loc":{"start":{"line":102,"column":83},"end":{"line":105,"column":10}},"skip":true},"7":{"name":"(anonymous_7)","line":113,"loc":{"start":{"line":113,"column":77},"end":{"line":116,"column":10}},"skip":true},"8":{"name":"(anonymous_8)","line":129,"loc":{"start":{"line":129,"column":12},"end":{"line":129,"column":40}},"skip":true},"9":{"name":"(anonymous_9)","line":137,"loc":{"start":{"line":137,"column":77},"end":{"line":140,"column":10}},"skip":true},"10":{"name":"(anonymous_10)","line":148,"loc":{"start":{"line":148,"column":83},"end":{"line":151,"column":10}},"skip":true},"11":{"name":"(anonymous_11)","line":159,"loc":{"start":{"line":159,"column":79},"end":{"line":162,"column":10}},"skip":true},"12":{"name":"(anonymous_12)","line":170,"loc":{"start":{"line":170,"column":75},"end":{"line":173,"column":10}},"skip":true}},"statementMap":{"1":{"start":{"line":12,"column":0},"end":{"line":185,"column":5}},"2":{"start":{"line":14,"column":4},"end":{"line":14,"column":14}},"3":{"start":{"line":19,"column":4},"end":{"line":56,"column":9}},"4":{"start":{"line":21,"column":8},"end":{"line":21,"column":19}},"5":{"start":{"line":23,"column":8},"end":{"line":35,"column":13}},"6":{"start":{"line":24,"column":12},"end":{"line":34,"column":13}},"7":{"start":{"line":25,"column":16},"end":{"line":28,"column":30}},"8":{"start":{"line":30,"column":16},"end":{"line":33,"column":27}},"9":{"start":{"line":37,"column":8},"end":{"line":39,"column":21}},"10":{"start":{"line":40,"column":8},"end":{"line":53,"column":9}},"11":{"start":{"line":43,"column":12},"end":{"line":46,"column":14}},"12":{"start":{"line":47,"column":12},"end":{"line":47,"column":18}},"13":{"start":{"line":50,"column":12},"end":{"line":51,"column":46}},"14":{"start":{"line":52,"column":12},"end":{"line":52,"column":18}},"15":{"start":{"line":55,"column":8},"end":{"line":55,"column":35}},"16":{"start":{"line":61,"column":4},"end":{"line":63,"column":9}},"17":{"start":{"line":62,"column":8},"end":{"line":62,"column":15}},"18":{"start":{"line":64,"column":4},"end":{"line":77,"column":5}},"19":{"start":{"line":70,"column":8},"end":{"line":70,"column":14}},"20":{"start":{"line":76,"column":8},"end":{"line":76,"column":14}},"21":{"start":{"line":82,"column":4},"end":{"line":84,"column":9}},"22":{"start":{"line":83,"column":8},"end":{"line":83,"column":15}},"23":{"start":{"line":85,"column":4},"end":{"line":184,"column":5}},"24":{"start":{"line":92,"column":8},"end":{"line":94,"column":63}},"25":{"start":{"line":95,"column":8},"end":{"line":95,"column":14}},"26":{"start":{"line":102,"column":8},"end":{"line":111,"column":10},"skip":true},"27":{"start":{"line":109,"column":12},"end":{"line":109,"column":55},"skip":true},"28":{"start":{"line":110,"column":12},"end":{"line":110,"column":48},"skip":true},"29":{"start":{"line":113,"column":8},"end":{"line":126,"column":10},"skip":true},"30":{"start":{"line":120,"column":12},"end":{"line":120,"column":76},"skip":true},"31":{"start":{"line":121,"column":12},"end":{"line":121,"column":73},"skip":true},"32":{"start":{"line":122,"column":12},"end":{"line":122,"column":74},"skip":true},"33":{"start":{"line":123,"column":12},"end":{"line":123,"column":79},"skip":true},"34":{"start":{"line":124,"column":12},"end":{"line":124,"column":25},"skip":true},"35":{"start":{"line":125,"column":12},"end":{"line":125,"column":45},"skip":true},"36":{"start":{"line":128,"column":8},"end":{"line":135,"column":14},"skip":true},"37":{"start":{"line":133,"column":16},"end":{"line":133,"column":29},"skip":true},"38":{"start":{"line":134,"column":16},"end":{"line":134,"column":55},"skip":true},"39":{"start":{"line":137,"column":8},"end":{"line":146,"column":10},"skip":true},"40":{"start":{"line":144,"column":12},"end":{"line":144,"column":25},"skip":true},"41":{"start":{"line":145,"column":12},"end":{"line":145,"column":45},"skip":true},"42":{"start":{"line":148,"column":8},"end":{"line":157,"column":10},"skip":true},"43":{"start":{"line":155,"column":12},"end":{"line":155,"column":25},"skip":true},"44":{"start":{"line":156,"column":12},"end":{"line":156,"column":48},"skip":true},"45":{"start":{"line":159,"column":8},"end":{"line":168,"column":10},"skip":true},"46":{"start":{"line":166,"column":12},"end":{"line":166,"column":25},"skip":true},"47":{"start":{"line":167,"column":12},"end":{"line":167,"column":46},"skip":true},"48":{"start":{"line":170,"column":8},"end":{"line":179,"column":10},"skip":true},"49":{"start":{"line":177,"column":12},"end":{"line":177,"column":94},"skip":true},"50":{"start":{"line":178,"column":12},"end":{"line":178,"column":48},"skip":true},"51":{"start":{"line":182,"column":8},"end":{"line":182,"column":35},"skip":true},"52":{"start":{"line":183,"column":8},"end":{"line":183,"column":14},"skip":true}},"branchMap":{"1":{"line":25,"type":"binary-expr","locations":[{"start":{"line":25,"column":23},"end":{"line":25,"column":62}},{"start":{"line":26,"column":20},"end":{"line":26,"column":70}},{"start":{"line":27,"column":20},"end":{"line":27,"column":71}},{"start":{"line":28,"column":20},"end":{"line":28,"column":29}}]},"2":{"line":30,"type":"binary-expr","locations":[{"start":{"line":30,"column":23},"end":{"line":30,"column":37}},{"start":{"line":31,"column":20},"end":{"line":31,"column":61}},{"start":{"line":32,"column":20},"end":{"line":32,"column":70}},{"start":{"line":33,"column":20},"end":{"line":33,"column":26}}]},"3":{"line":37,"type":"cond-expr","locations":[{"start":{"line":38,"column":14},"end":{"line":38,"column":20}},{"start":{"line":39,"column":14},"end":{"line":39,"column":20}}]},"4":{"line":40,"type":"switch","locations":[{"start":{"line":42,"column":8},"end":{"line":47,"column":18}},{"start":{"line":49,"column":8},"end":{"line":52,"column":18}}]},"5":{"line":44,"type":"binary-expr","locations":[{"start":{"line":44,"column":16},"end":{"line":44,"column":44}},{"start":{"line":44,"column":48},"end":{"line":44,"column":66}}]},"6":{"line":50,"type":"binary-expr","locations":[{"start":{"line":50,"column":21},"end":{"line":50,"column":49}},{"start":{"line":50,"column":53},"end":{"line":50,"column":72}}]},"7":{"line":64,"type":"switch","locations":[{"start":{"line":69,"column":4},"end":{"line":70,"column":14}},{"start":{"line":75,"column":4},"end":{"line":76,"column":14}}]},"8":{"line":85,"type":"switch","locations":[{"start":{"line":90,"column":4},"end":{"line":95,"column":14}},{"start":{"line":101,"column":4},"end":{"line":183,"column":14},"skip":true}]},"9":{"line":92,"type":"binary-expr","locations":[{"start":{"line":92,"column":18},"end":{"line":92,"column":32}},{"start":{"line":93,"column":12},"end":{"line":93,"column":53}},{"start":{"line":94,"column":12},"end":{"line":94,"column":61}}]},"10":{"line":102,"type":"binary-expr","locations":[{"start":{"line":102,"column":45},"end":{"line":102,"column":79},"skip":true},{"start":{"line":102,"column":83},"end":{"line":111,"column":9},"skip":true}]},"11":{"line":113,"type":"binary-expr","locations":[{"start":{"line":113,"column":42},"end":{"line":113,"column":73},"skip":true},{"start":{"line":113,"column":77},"end":{"line":126,"column":9},"skip":true}]},"12":{"line":128,"type":"binary-expr","locations":[{"start":{"line":128,"column":48},"end":{"line":128,"column":85},"skip":true},{"start":{"line":129,"column":12},"end":{"line":135,"column":13},"skip":true}]},"13":{"line":137,"type":"binary-expr","locations":[{"start":{"line":137,"column":42},"end":{"line":137,"column":73},"skip":true},{"start":{"line":137,"column":77},"end":{"line":146,"column":9},"skip":true}]},"14":{"line":148,"type":"binary-expr","locations":[{"start":{"line":148,"column":45},"end":{"line":148,"column":79},"skip":true},{"start":{"line":148,"column":83},"end":{"line":157,"column":9},"skip":true}]},"15":{"line":159,"type":"binary-expr","locations":[{"start":{"line":159,"column":43},"end":{"line":159,"column":75},"skip":true},{"start":{"line":159,"column":79},"end":{"line":168,"column":9},"skip":true}]},"16":{"line":170,"type":"binary-expr","locations":[{"start":{"line":170,"column":41},"end":{"line":170,"column":71},"skip":true},{"start":{"line":170,"column":75},"end":{"line":179,"column":9},"skip":true}]}},"code":["/* istanbul instrument in package npmtest_engine_io */","/*jslint","    bitwise: true,","    browser: true,","    maxerr: 8,","    maxlen: 96,","    node: true,","    nomen: true,","    regexp: true,","    stupid: true","*/","(function () {","    'use strict';","    var local;","","","","    // run shared js-env code - pre-init","    (function () {","        // init local","        local = {};","        // init modeJs","        local.modeJs = (function () {","            try {","                return typeof navigator.userAgent === 'string' &&","                    typeof document.querySelector('body') === 'object' &&","                    typeof XMLHttpRequest.prototype.open === 'function' &&","                    'browser';","            } catch (errorCaughtBrowser) {","                return module.exports &&","                    typeof process.versions.node === 'string' &&","                    typeof require('http').createServer === 'function' &&","                    'node';","            }","        }());","        // init global","        local.global = local.modeJs === 'browser'","            ? window","            : global;","        switch (local.modeJs) {","        // re-init local from window.local","        case 'browser':","            local = local.global.utility2.objectSetDefault(","                local.global.utility2_rollup || local.global.local,","                local.global.utility2","            );","            break;","        // re-init local from example.js","        case 'node':","            local = (local.global.utility2_rollup || require('utility2'))","                .requireExampleJsFromReadme();","            break;","        }","        // export local","        local.global.local = local;","    }());","","","","    // run shared js-env code - function","    (function () {","        return;","    }());","    switch (local.modeJs) {","","","","    // run browser js-env code - function","    case 'browser':","        break;","","","","    // run node js-env code - function","    case 'node':","        break;","    }","","","","    // run shared js-env code - post-init","    (function () {","        return;","    }());","    switch (local.modeJs) {","","","","    // run browser js-env code - post-init","    case 'browser':","        // run tests","        local.nop(local.modeTest &&","            document.querySelector('#testRunButton1') &&","            document.querySelector('#testRunButton1').click());","        break;","","","","    // run node js-env code - post-init","    /* istanbul ignore next */","    case 'node':","        local.testCase_buildApidoc_default = local.testCase_buildApidoc_default || function (","            options,","            onError","        ) {","        /*","         * this function will test buildApidoc's default handling-behavior-behavior","         */","            options = { modulePathList: module.paths };","            local.buildApidoc(options, onError);","        };","","        local.testCase_buildApp_default = local.testCase_buildApp_default || function (","            options,","            onError","        ) {","        /*","         * this function will test buildApp's default handling-behavior-behavior","         */","            local.testCase_buildReadme_default(options, local.onErrorThrow);","            local.testCase_buildLib_default(options, local.onErrorThrow);","            local.testCase_buildTest_default(options, local.onErrorThrow);","            local.testCase_buildCustomOrg_default(options, local.onErrorThrow);","            options = [];","            local.buildApp(options, onError);","        };","","        local.testCase_buildCustomOrg_default = local.testCase_buildCustomOrg_default ||","            function (options, onError) {","            /*","             * this function will test buildCustomOrg's default handling-behavior","             */","                options = {};","                local.buildCustomOrg(options, onError);","            };","","        local.testCase_buildLib_default = local.testCase_buildLib_default || function (","            options,","            onError","        ) {","        /*","         * this function will test buildLib's default handling-behavior","         */","            options = {};","            local.buildLib(options, onError);","        };","","        local.testCase_buildReadme_default = local.testCase_buildReadme_default || function (","            options,","            onError","        ) {","        /*","         * this function will test buildReadme's default handling-behavior-behavior","         */","            options = {};","            local.buildReadme(options, onError);","        };","","        local.testCase_buildTest_default = local.testCase_buildTest_default || function (","            options,","            onError","        ) {","        /*","         * this function will test buildTest's default handling-behavior","         */","            options = {};","            local.buildTest(options, onError);","        };","","        local.testCase_webpage_default = local.testCase_webpage_default || function (","            options,","            onError","        ) {","        /*","         * this function will test webpage's default handling-behavior","         */","            options = { modeCoverageMerge: true, url: local.serverLocalHost + '?modeTest=1' };","            local.browserTest(options, onError);","        };","","        // run test-server","        local.testRunServer(local);","        break;","    }","}());",""],"l":{"12":2,"14":2,"19":2,"21":2,"23":2,"24":2,"25":2,"30":1,"37":2,"40":2,"43":1,"47":1,"50":1,"52":1,"55":2,"61":2,"62":2,"64":2,"70":1,"76":1,"82":2,"83":2,"85":2,"92":1,"95":1,"102":1,"109":1,"110":1,"113":1,"120":1,"121":1,"122":1,"123":1,"124":1,"125":1,"128":1,"133":2,"134":2,"137":1,"144":2,"145":2,"148":1,"155":2,"156":2,"159":1,"166":2,"167":2,"170":1,"177":1,"178":1,"182":1,"183":1}},"/home/travis/build/npmtest/node-npmtest-engine.io/lib.npmtest_engine.io.js":{"path":"/home/travis/build/npmtest/node-npmtest-engine.io/lib.npmtest_engine.io.js","s":{"1":2,"2":2,"3":2,"4":2,"5":2,"6":2,"7":2,"8":1,"9":2,"10":2,"11":2,"12":2,"13":1,"14":1,"15":1,"16":1},"b":{"1":[2,1,1,1],"2":[1,1,1,1],"3":[1,1],"4":[2,2],"5":[1,1]},"f":{"1":2,"2":2,"3":2},"fnMap":{"1":{"name":"(anonymous_1)","line":12,"loc":{"start":{"line":12,"column":1},"end":{"line":12,"column":13}}},"2":{"name":"(anonymous_2)","line":19,"loc":{"start":{"line":19,"column":5},"end":{"line":19,"column":17}}},"3":{"name":"(anonymous_3)","line":23,"loc":{"start":{"line":23,"column":24},"end":{"line":23,"column":36}}}},"statementMap":{"1":{"start":{"line":12,"column":0},"end":{"line":53,"column":5}},"2":{"start":{"line":14,"column":4},"end":{"line":14,"column":14}},"3":{"start":{"line":19,"column":4},"end":{"line":52,"column":9}},"4":{"start":{"line":21,"column":8},"end":{"line":21,"column":19}},"5":{"start":{"line":23,"column":8},"end":{"line":35,"column":13}},"6":{"start":{"line":24,"column":12},"end":{"line":34,"column":13}},"7":{"start":{"line":25,"column":16},"end":{"line":28,"column":30}},"8":{"start":{"line":30,"column":16},"end":{"line":33,"column":27}},"9":{"start":{"line":37,"column":8},"end":{"line":39,"column":21}},"10":{"start":{"line":41,"column":8},"end":{"line":41,"column":54}},"11":{"start":{"line":43,"column":8},"end":{"line":43,"column":54}},"12":{"start":{"line":45,"column":8},"end":{"line":51,"column":9}},"13":{"start":{"line":46,"column":12},"end":{"line":46,"column":60}},"14":{"start":{"line":48,"column":12},"end":{"line":48,"column":35}},"15":{"start":{"line":49,"column":12},"end":{"line":49,"column":49}},"16":{"start":{"line":50,"column":12},"end":{"line":50,"column":43}}},"branchMap":{"1":{"line":25,"type":"binary-expr","locations":[{"start":{"line":25,"column":23},"end":{"line":25,"column":62}},{"start":{"line":26,"column":20},"end":{"line":26,"column":70}},{"start":{"line":27,"column":20},"end":{"line":27,"column":71}},{"start":{"line":28,"column":20},"end":{"line":28,"column":29}}]},"2":{"line":30,"type":"binary-expr","locations":[{"start":{"line":30,"column":23},"end":{"line":30,"column":37}},{"start":{"line":31,"column":20},"end":{"line":31,"column":61}},{"start":{"line":32,"column":20},"end":{"line":32,"column":70}},{"start":{"line":33,"column":20},"end":{"line":33,"column":26}}]},"3":{"line":37,"type":"cond-expr","locations":[{"start":{"line":38,"column":14},"end":{"line":38,"column":20}},{"start":{"line":39,"column":14},"end":{"line":39,"column":20}}]},"4":{"line":41,"type":"binary-expr","locations":[{"start":{"line":41,"column":16},"end":{"line":41,"column":44}},{"start":{"line":41,"column":48},"end":{"line":41,"column":53}}]},"5":{"line":45,"type":"if","locations":[{"start":{"line":45,"column":8},"end":{"line":45,"column":8}},{"start":{"line":45,"column":8},"end":{"line":45,"column":8}}]}},"code":["/* istanbul instrument in package npmtest_engine_io */","/*jslint","    bitwise: true,","    browser: true,","    maxerr: 8,","    maxlen: 96,","    node: true,","    nomen: true,","    regexp: true,","    stupid: true","*/","(function () {","    'use strict';","    var local;","","","","    // run shared js-env code - pre-init","    (function () {","        // init local","        local = {};","        // init modeJs","        local.modeJs = (function () {","            try {","                return typeof navigator.userAgent === 'string' &&","                    typeof document.querySelector('body') === 'object' &&","                    typeof XMLHttpRequest.prototype.open === 'function' &&","                    'browser';","            } catch (errorCaughtBrowser) {","                return module.exports &&","                    typeof process.versions.node === 'string' &&","                    typeof require('http').createServer === 'function' &&","                    'node';","            }","        }());","        // init global","        local.global = local.modeJs === 'browser'","            ? window","            : global;","        // init utility2_rollup","        local = local.global.utility2_rollup || local;","        // init lib","        local.local = local.npmtest_engine_io = local;","        // init exports","        if (local.modeJs === 'browser') {","            local.global.utility2_npmtest_engine_io = local;","        } else {","            module.exports = local;","            module.exports.__dirname = __dirname;","            module.exports.module = module;","        }","    }());","}());",""],"l":{"12":2,"14":2,"19":2,"21":2,"23":2,"24":2,"25":2,"30":1,"37":2,"41":2,"43":2,"45":2,"46":1,"48":1,"49":1,"50":1}},"/home/travis/build/npmtest/node-npmtest-engine.io/example.js":{"path":"/home/travis/build/npmtest/node-npmtest-engine.io/example.js","s":{"1":2,"2":2,"3":2,"4":2,"5":2,"6":2,"7":2,"8":1,"9":2,"10":2,"11":2,"12":2,"13":1,"14":2,"15":2,"16":2,"17":2,"18":2,"19":0,"20":2,"21":1,"22":1,"23":1,"24":1,"25":1,"26":0,"27":0,"28":1,"29":1,"30":2,"31":0,"32":0,"33":0,"34":1,"35":2,"36":2,"37":2,"38":2,"39":2,"40":2,"41":0,"42":2,"43":2,"44":2,"45":1,"46":3,"47":1,"48":1,"49":1,"50":1,"51":1,"52":1,"53":1,"54":1,"55":1,"56":1,"57":0,"58":1,"59":6,"60":6,"61":1,"62":2,"63":0,"64":2,"65":1,"66":1,"67":0,"68":0,"69":0,"70":0,"71":0,"72":0,"73":0,"74":0,"75":0,"76":0,"77":0,"78":0,"79":0,"80":0,"81":0,"82":0,"83":0},"b":{"1":[2,1,1,1],"2":[1,1,1,1],"3":[1,1],"4":[2,2],"5":[1,1],"6":[1,1],"7":[2,0],"8":[2,1,1,1,1,1],"9":[0,2,0],"10":[1,1],"11":[2,1,1],"12":[1,0],"13":[0,2],"14":[2,0,0,0,0,0,0],"15":[0,2],"16":[2,0],"17":[1,1],"18":[0,1],"19":[1,2,0,2],"20":[1,0],"21":[1,1],"22":[0,0],"23":[0,0],"24":[0,0],"25":[0,0],"26":[0,0],"27":[0,0],"28":[0,0]},"f":{"1":2,"2":2,"3":2,"4":2,"5":2,"6":2,"7":2,"8":2,"9":3,"10":1,"11":6,"12":0},"fnMap":{"1":{"name":"(anonymous_1)","line":26,"loc":{"start":{"line":26,"column":1},"end":{"line":26,"column":13}}},"2":{"name":"(anonymous_2)","line":33,"loc":{"start":{"line":33,"column":5},"end":{"line":33,"column":17}}},"3":{"name":"(anonymous_3)","line":37,"loc":{"start":{"line":37,"column":24},"end":{"line":37,"column":36}}},"4":{"name":"(anonymous_4)","line":69,"loc":{"start":{"line":69,"column":31},"end":{"line":69,"column":48}},"skip":true},"5":{"name":"(anonymous_5)","line":78,"loc":{"start":{"line":78,"column":26},"end":{"line":78,"column":45}},"skip":true},"6":{"name":"(anonymous_6)","line":123,"loc":{"start":{"line":123,"column":33},"end":{"line":123,"column":48}},"skip":true},"7":{"name":"(anonymous_7)","line":125,"loc":{"start":{"line":125,"column":27},"end":{"line":125,"column":39}},"skip":true},"8":{"name":"(anonymous_8)","line":133,"loc":{"start":{"line":133,"column":59},"end":{"line":133,"column":74}},"skip":true},"9":{"name":"(anonymous_9)","line":143,"loc":{"start":{"line":143,"column":45},"end":{"line":143,"column":62}},"skip":true},"10":{"name":"(anonymous_10)","line":144,"loc":{"start":{"line":144,"column":73},"end":{"line":144,"column":92}},"skip":true},"11":{"name":"(anonymous_11)","line":272,"loc":{"start":{"line":272,"column":51},"end":{"line":272,"column":77}},"skip":true},"12":{"name":"(anonymous_12)","line":314,"loc":{"start":{"line":314,"column":32},"end":{"line":314,"column":61}},"skip":true}},"statementMap":{"1":{"start":{"line":26,"column":0},"end":{"line":325,"column":5}},"2":{"start":{"line":28,"column":4},"end":{"line":28,"column":14}},"3":{"start":{"line":33,"column":4},"end":{"line":60,"column":9}},"4":{"start":{"line":35,"column":8},"end":{"line":35,"column":19}},"5":{"start":{"line":37,"column":8},"end":{"line":49,"column":13}},"6":{"start":{"line":38,"column":12},"end":{"line":48,"column":13}},"7":{"start":{"line":39,"column":16},"end":{"line":42,"column":30}},"8":{"start":{"line":44,"column":16},"end":{"line":47,"column":27}},"9":{"start":{"line":51,"column":8},"end":{"line":53,"column":21}},"10":{"start":{"line":55,"column":8},"end":{"line":57,"column":45}},"11":{"start":{"line":59,"column":8},"end":{"line":59,"column":35}},"12":{"start":{"line":61,"column":4},"end":{"line":324,"column":5}},"13":{"start":{"line":69,"column":8},"end":{"line":121,"column":10},"skip":true},"14":{"start":{"line":70,"column":12},"end":{"line":88,"column":13},"skip":true},"15":{"start":{"line":76,"column":16},"end":{"line":87,"column":19},"skip":true},"16":{"start":{"line":79,"column":20},"end":{"line":86,"column":21},"skip":true},"17":{"start":{"line":82,"column":24},"end":{"line":82,"column":43},"skip":true},"18":{"start":{"line":83,"column":24},"end":{"line":83,"column":30},"skip":true},"19":{"start":{"line":85,"column":24},"end":{"line":85,"column":49},"skip":true},"20":{"start":{"line":89,"column":12},"end":{"line":107,"column":13},"skip":true},"21":{"start":{"line":92,"column":16},"end":{"line":102,"column":17},"skip":true},"22":{"start":{"line":93,"column":20},"end":{"line":93,"column":86},"skip":true},"23":{"start":{"line":94,"column":20},"end":{"line":95,"column":45},"skip":true},"24":{"start":{"line":96,"column":20},"end":{"line":96,"column":42},"skip":true},"25":{"start":{"line":97,"column":20},"end":{"line":97,"column":48},"skip":true},"26":{"start":{"line":100,"column":20},"end":{"line":100,"column":85},"skip":true},"27":{"start":{"line":101,"column":20},"end":{"line":101,"column":96},"skip":true},"28":{"start":{"line":103,"column":16},"end":{"line":103,"column":22},"skip":true},"29":{"start":{"line":106,"column":16},"end":{"line":106,"column":22},"skip":true},"30":{"start":{"line":108,"column":12},"end":{"line":120,"column":13},"skip":true},"31":{"start":{"line":114,"column":16},"end":{"line":119,"column":17},"skip":true},"32":{"start":{"line":116,"column":20},"end":{"line":116,"column":78},"skip":true},"33":{"start":{"line":118,"column":20},"end":{"line":118,"column":53},"skip":true},"34":{"start":{"line":123,"column":8},"end":{"line":141,"column":11},"skip":true},"35":{"start":{"line":124,"column":12},"end":{"line":124,"column":54},"skip":true},"36":{"start":{"line":125,"column":12},"end":{"line":140,"column":14},"skip":true},"37":{"start":{"line":126,"column":16},"end":{"line":126,"column":28},"skip":true},"38":{"start":{"line":127,"column":16},"end":{"line":127,"column":69},"skip":true},"39":{"start":{"line":128,"column":16},"end":{"line":128,"column":75},"skip":true},"40":{"start":{"line":129,"column":16},"end":{"line":131,"column":17},"skip":true},"41":{"start":{"line":130,"column":20},"end":{"line":130,"column":27},"skip":true},"42":{"start":{"line":133,"column":16},"end":{"line":137,"column":36},"skip":true},"43":{"start":{"line":134,"column":20},"end":{"line":136,"column":55},"skip":true},"44":{"start":{"line":139,"column":16},"end":{"line":139,"column":57},"skip":true},"45":{"start":{"line":143,"column":8},"end":{"line":147,"column":11},"skip":true},"46":{"start":{"line":144,"column":12},"end":{"line":146,"column":15},"skip":true},"47":{"start":{"line":145,"column":16},"end":{"line":145,"column":70},"skip":true},"48":{"start":{"line":149,"column":8},"end":{"line":149,"column":31},"skip":true},"49":{"start":{"line":150,"column":8},"end":{"line":150,"column":14},"skip":true},"50":{"start":{"line":158,"column":8},"end":{"line":158,"column":31},"skip":true},"51":{"start":{"line":160,"column":8},"end":{"line":160,"column":33},"skip":true},"52":{"start":{"line":161,"column":8},"end":{"line":161,"column":37},"skip":true},"53":{"start":{"line":162,"column":8},"end":{"line":162,"column":35},"skip":true},"54":{"start":{"line":164,"column":8},"end":{"line":164,"column":50},"skip":true},"55":{"start":{"line":166,"column":8},"end":{"line":256,"column":2},"skip":true},"56":{"start":{"line":258,"column":8},"end":{"line":286,"column":9},"skip":true},"57":{"start":{"line":259,"column":12},"end":{"line":269,"column":14},"skip":true},"58":{"start":{"line":271,"column":12},"end":{"line":285,"column":19},"skip":true},"59":{"start":{"line":274,"column":20},"end":{"line":274,"column":35},"skip":true},"60":{"start":{"line":275,"column":20},"end":{"line":284,"column":21},"skip":true},"61":{"start":{"line":277,"column":24},"end":{"line":277,"column":64},"skip":true},"62":{"start":{"line":279,"column":24},"end":{"line":279,"column":40},"skip":true},"63":{"start":{"line":281,"column":24},"end":{"line":281,"column":40},"skip":true},"64":{"start":{"line":283,"column":24},"end":{"line":283,"column":39},"skip":true},"65":{"start":{"line":288,"column":8},"end":{"line":290,"column":9},"skip":true},"66":{"start":{"line":289,"column":12},"end":{"line":289,"column":18},"skip":true},"67":{"start":{"line":291,"column":8},"end":{"line":293,"column":54},"skip":true},"68":{"start":{"line":294,"column":8},"end":{"line":301,"column":37},"skip":true},"69":{"start":{"line":302,"column":8},"end":{"line":302,"column":82},"skip":true},"70":{"start":{"line":305,"column":8},"end":{"line":307,"column":9},"skip":true},"71":{"start":{"line":306,"column":12},"end":{"line":306,"column":82},"skip":true},"72":{"start":{"line":309,"column":8},"end":{"line":311,"column":9},"skip":true},"73":{"start":{"line":310,"column":12},"end":{"line":310,"column":18},"skip":true},"74":{"start":{"line":312,"column":8},"end":{"line":312,"column":54},"skip":true},"75":{"start":{"line":313,"column":8},"end":{"line":313,"column":69},"skip":true},"76":{"start":{"line":314,"column":8},"end":{"line":322,"column":36},"skip":true},"77":{"start":{"line":315,"column":12},"end":{"line":315,"column":61},"skip":true},"78":{"start":{"line":316,"column":12},"end":{"line":319,"column":13},"skip":true},"79":{"start":{"line":317,"column":16},"end":{"line":317,"column":75},"skip":true},"80":{"start":{"line":318,"column":16},"end":{"line":318,"column":23},"skip":true},"81":{"start":{"line":320,"column":12},"end":{"line":320,"column":38},"skip":true},"82":{"start":{"line":321,"column":12},"end":{"line":321,"column":27},"skip":true},"83":{"start":{"line":323,"column":8},"end":{"line":323,"column":14},"skip":true}},"branchMap":{"1":{"line":39,"type":"binary-expr","locations":[{"start":{"line":39,"column":23},"end":{"line":39,"column":62}},{"start":{"line":40,"column":20},"end":{"line":40,"column":70}},{"start":{"line":41,"column":20},"end":{"line":41,"column":71}},{"start":{"line":42,"column":20},"end":{"line":42,"column":29}}]},"2":{"line":44,"type":"binary-expr","locations":[{"start":{"line":44,"column":23},"end":{"line":44,"column":37}},{"start":{"line":45,"column":20},"end":{"line":45,"column":61}},{"start":{"line":46,"column":20},"end":{"line":46,"column":70}},{"start":{"line":47,"column":20},"end":{"line":47,"column":26}}]},"3":{"line":51,"type":"cond-expr","locations":[{"start":{"line":52,"column":14},"end":{"line":52,"column":20}},{"start":{"line":53,"column":14},"end":{"line":53,"column":20}}]},"4":{"line":55,"type":"binary-expr","locations":[{"start":{"line":55,"column":16},"end":{"line":55,"column":44}},{"start":{"line":55,"column":49},"end":{"line":57,"column":43}}]},"5":{"line":55,"type":"cond-expr","locations":[{"start":{"line":56,"column":14},"end":{"line":56,"column":53}},{"start":{"line":57,"column":14},"end":{"line":57,"column":43}}]},"6":{"line":61,"type":"switch","locations":[{"start":{"line":68,"column":4},"end":{"line":150,"column":14},"skip":true},{"start":{"line":156,"column":4},"end":{"line":323,"column":14},"skip":true}]},"7":{"line":70,"type":"if","locations":[{"start":{"line":70,"column":12},"end":{"line":70,"column":12},"skip":true},{"start":{"line":70,"column":12},"end":{"line":70,"column":12},"skip":true}]},"8":{"line":70,"type":"binary-expr","locations":[{"start":{"line":70,"column":16},"end":{"line":70,"column":22},"skip":true},{"start":{"line":70,"column":27},"end":{"line":70,"column":32},"skip":true},{"start":{"line":71,"column":20},"end":{"line":71,"column":39},"skip":true},{"start":{"line":72,"column":20},"end":{"line":72,"column":49},"skip":true},{"start":{"line":73,"column":20},"end":{"line":73,"column":58},"skip":true},{"start":{"line":74,"column":20},"end":{"line":74,"column":69},"skip":true}]},"9":{"line":79,"type":"switch","locations":[{"start":{"line":80,"column":20},"end":{"line":80,"column":33},"skip":true},{"start":{"line":81,"column":20},"end":{"line":83,"column":30},"skip":true},{"start":{"line":84,"column":20},"end":{"line":85,"column":49},"skip":true}]},"10":{"line":89,"type":"switch","locations":[{"start":{"line":90,"column":12},"end":{"line":103,"column":22},"skip":true},{"start":{"line":105,"column":12},"end":{"line":106,"column":22},"skip":true}]},"11":{"line":89,"type":"binary-expr","locations":[{"start":{"line":89,"column":20},"end":{"line":89,"column":25},"skip":true},{"start":{"line":89,"column":29},"end":{"line":89,"column":48},"skip":true},{"start":{"line":89,"column":52},"end":{"line":89,"column":74},"skip":true}]},"12":{"line":92,"type":"if","locations":[{"start":{"line":92,"column":16},"end":{"line":92,"column":16},"skip":true},{"start":{"line":92,"column":16},"end":{"line":92,"column":16},"skip":true}]},"13":{"line":108,"type":"if","locations":[{"start":{"line":108,"column":12},"end":{"line":108,"column":12},"skip":true},{"start":{"line":108,"column":12},"end":{"line":108,"column":12},"skip":true}]},"14":{"line":108,"type":"binary-expr","locations":[{"start":{"line":108,"column":16},"end":{"line":108,"column":61},"skip":true},{"start":{"line":108,"column":66},"end":{"line":108,"column":72},"skip":true},{"start":{"line":108,"column":77},"end":{"line":108,"column":82},"skip":true},{"start":{"line":109,"column":20},"end":{"line":109,"column":39},"skip":true},{"start":{"line":110,"column":20},"end":{"line":110,"column":49},"skip":true},{"start":{"line":111,"column":20},"end":{"line":111,"column":58},"skip":true},{"start":{"line":112,"column":20},"end":{"line":112,"column":68},"skip":true}]},"15":{"line":129,"type":"if","locations":[{"start":{"line":129,"column":16},"end":{"line":129,"column":16},"skip":true},{"start":{"line":129,"column":16},"end":{"line":129,"column":16},"skip":true}]},"16":{"line":134,"type":"cond-expr","locations":[{"start":{"line":135,"column":26},"end":{"line":135,"column":29},"skip":true},{"start":{"line":136,"column":26},"end":{"line":136,"column":54},"skip":true}]},"17":{"line":164,"type":"binary-expr","locations":[{"start":{"line":164,"column":27},"end":{"line":164,"column":43},"skip":true},{"start":{"line":164,"column":47},"end":{"line":164,"column":49},"skip":true}]},"18":{"line":258,"type":"if","locations":[{"start":{"line":258,"column":8},"end":{"line":258,"column":8},"skip":true},{"start":{"line":258,"column":8},"end":{"line":258,"column":8},"skip":true}]},"19":{"line":275,"type":"switch","locations":[{"start":{"line":276,"column":20},"end":{"line":277,"column":64},"skip":true},{"start":{"line":278,"column":20},"end":{"line":279,"column":40},"skip":true},{"start":{"line":280,"column":20},"end":{"line":281,"column":40},"skip":true},{"start":{"line":282,"column":20},"end":{"line":283,"column":39},"skip":true}]},"20":{"line":288,"type":"if","locations":[{"start":{"line":288,"column":8},"end":{"line":288,"column":8},"skip":true},{"start":{"line":288,"column":8},"end":{"line":288,"column":8},"skip":true}]},"21":{"line":288,"type":"binary-expr","locations":[{"start":{"line":288,"column":12},"end":{"line":288,"column":40},"skip":true},{"start":{"line":288,"column":44},"end":{"line":288,"column":67},"skip":true}]},"22":{"line":292,"type":"binary-expr","locations":[{"start":{"line":292,"column":12},"end":{"line":292,"column":50},"skip":true},{"start":{"line":293,"column":12},"end":{"line":293,"column":53},"skip":true}]},"23":{"line":295,"type":"binary-expr","locations":[{"start":{"line":295,"column":12},"end":{"line":295,"column":67},"skip":true},{"start":{"line":296,"column":12},"end":{"line":301,"column":36},"skip":true}]},"24":{"line":302,"type":"binary-expr","locations":[{"start":{"line":302,"column":43},"end":{"line":302,"column":75},"skip":true},{"start":{"line":302,"column":79},"end":{"line":302,"column":81},"skip":true}]},"25":{"line":305,"type":"if","locations":[{"start":{"line":305,"column":8},"end":{"line":305,"column":8},"skip":true},{"start":{"line":305,"column":8},"end":{"line":305,"column":8},"skip":true}]},"26":{"line":309,"type":"if","locations":[{"start":{"line":309,"column":8},"end":{"line":309,"column":8},"skip":true},{"start":{"line":309,"column":8},"end":{"line":309,"column":8},"skip":true}]},"27":{"line":312,"type":"binary-expr","locations":[{"start":{"line":312,"column":27},"end":{"line":312,"column":43},"skip":true},{"start":{"line":312,"column":47},"end":{"line":312,"column":53},"skip":true}]},"28":{"line":316,"type":"if","locations":[{"start":{"line":316,"column":12},"end":{"line":316,"column":12},"skip":true},{"start":{"line":316,"column":12},"end":{"line":316,"column":12},"skip":true}]}},"code":["/*","example.js","","quickstart example","","instruction","    1. save this script as example.js","    2. run the shell command:","        $ npm install npmtest-engine.io && PORT=8081 node example.js","    3. play with the browser-demo on http://127.0.0.1:8081","*/","","","","/* istanbul instrument in package npmtest_engine_io */","/*jslint","    bitwise: true,","    browser: true,","    maxerr: 8,","    maxlen: 96,","    node: true,","    nomen: true,","    regexp: true,","    stupid: true","*/","(function () {","    'use strict';","    var local;","","","","    // run shared js-env code - pre-init","    (function () {","        // init local","        local = {};","        // init modeJs","        local.modeJs = (function () {","            try {","                return typeof navigator.userAgent === 'string' &&","                    typeof document.querySelector('body') === 'object' &&","                    typeof XMLHttpRequest.prototype.open === 'function' &&","                    'browser';","            } catch (errorCaughtBrowser) {","                return module.exports &&","                    typeof process.versions.node === 'string' &&","                    typeof require('http').createServer === 'function' &&","                    'node';","            }","        }());","        // init global","        local.global = local.modeJs === 'browser'","            ? window","            : global;","        // init utility2_rollup","        local = local.global.utility2_rollup || (local.modeJs === 'browser'","            ? local.global.utility2_npmtest_engine_io","            : global.utility2_moduleExports);","        // export local","        local.global.local = local;","    }());","    switch (local.modeJs) {","","","","    // post-init","    // run browser js-env code - post-init","    /* istanbul ignore next */","    case 'browser':","        local.testRunBrowser = function (event) {","            if (!event || (event &&","                    event.currentTarget &&","                    event.currentTarget.className &&","                    event.currentTarget.className.includes &&","                    event.currentTarget.className.includes('onreset'))) {","                // reset output","                Array.from(","                    document.querySelectorAll('body > .resettable')","                ).forEach(function (element) {","                    switch (element.tagName) {","                    case 'INPUT':","                    case 'TEXTAREA':","                        element.value = '';","                        break;","                    default:","                        element.textContent = '';","                    }","                });","            }","            switch (event && event.currentTarget && event.currentTarget.id) {","            case 'testRunButton1':","                // show tests","                if (document.querySelector('#testReportDiv1').style.display === 'none') {","                    document.querySelector('#testReportDiv1').style.display = 'block';","                    document.querySelector('#testRunButton1').textContent =","                        'hide internal test';","                    local.modeTest = true;","                    local.testRunDefault(local);","                // hide tests","                } else {","                    document.querySelector('#testReportDiv1').style.display = 'none';","                    document.querySelector('#testRunButton1').textContent = 'run internal test';","                }","                break;","            // custom-case","            default:","                break;","            }","            if (document.querySelector('#inputTextareaEval1') && (!event || (event &&","                    event.currentTarget &&","                    event.currentTarget.className &&","                    event.currentTarget.className.includes &&","                    event.currentTarget.className.includes('oneval')))) {","                // try to eval input-code","                try {","                    /*jslint evil: true*/","                    eval(document.querySelector('#inputTextareaEval1').value);","                } catch (errorCaught) {","                    console.error(errorCaught.stack);","                }","            }","        };","        // log stderr and stdout to #outputTextareaStdout1","        ['error', 'log'].forEach(function (key) {","            console[key + '_original'] = console[key];","            console[key] = function () {","                var element;","                console[key + '_original'].apply(console, arguments);","                element = document.querySelector('#outputTextareaStdout1');","                if (!element) {","                    return;","                }","                // append text to #outputTextareaStdout1","                element.value += Array.from(arguments).map(function (arg) {","                    return typeof arg === 'string'","                        ? arg","                        : JSON.stringify(arg, null, 4);","                }).join(' ') + '\\n';","                // scroll textarea to bottom","                element.scrollTop = element.scrollHeight;","            };","        });","        // init event-handling","        ['change', 'click', 'keyup'].forEach(function (event) {","            Array.from(document.querySelectorAll('.on' + event)).forEach(function (element) {","                element.addEventListener(event, local.testRunBrowser);","            });","        });","        // run tests","        local.testRunBrowser();","        break;","","","","    // run node js-env code - post-init","    /* istanbul ignore next */","    case 'node':","        // export local","        module.exports = local;","        // require modules","        local.fs = require('fs');","        local.http = require('http');","        local.url = require('url');","        // init assets","        local.assetsDict = local.assetsDict || {};","        /* jslint-ignore-begin */","        local.assetsDict['/assets.index.template.html'] = '\\","<!doctype html>\\n\\","<html lang=\"en\">\\n\\","<head>\\n\\","<meta charset=\"UTF-8\">\\n\\","<meta name=\"viewport\" content=\"width=device-width, initial-scale=1\">\\n\\","<title>{{env.npm_package_name}} (v{{env.npm_package_version}})</title>\\n\\","<style>\\n\\","/*csslint\\n\\","    box-sizing: false,\\n\\","    universal-selector: false\\n\\","*/\\n\\","* {\\n\\","    box-sizing: border-box;\\n\\","}\\n\\","body {\\n\\","    background: #dde;\\n\\","    font-family: Arial, Helvetica, sans-serif;\\n\\","    margin: 2rem;\\n\\","}\\n\\","body > * {\\n\\","    margin-bottom: 1rem;\\n\\","}\\n\\",".utility2FooterDiv {\\n\\","    margin-top: 20px;\\n\\","    text-align: center;\\n\\","}\\n\\","</style>\\n\\","<style>\\n\\","/*csslint\\n\\","*/\\n\\","textarea {\\n\\","    font-family: monospace;\\n\\","    height: 10rem;\\n\\","    width: 100%;\\n\\","}\\n\\","textarea[readonly] {\\n\\","    background: #ddd;\\n\\","}\\n\\","</style>\\n\\","</head>\\n\\","<body>\\n\\","<!-- utility2-comment\\n\\","<div id=\"ajaxProgressDiv1\" style=\"background: #d00; height: 2px; left: 0; margin: 0; padding: 0; position: fixed; top: 0; transition: background 0.5s, width 1.5s; width: 25%;\"></div>\\n\\","utility2-comment -->\\n\\","<h1>\\n\\","<!-- utility2-comment\\n\\","    <a\\n\\","        {{#if env.npm_package_homepage}}\\n\\","        href=\"{{env.npm_package_homepage}}\"\\n\\","        {{/if env.npm_package_homepage}}\\n\\","        target=\"_blank\"\\n\\","    >\\n\\","utility2-comment -->\\n\\","        {{env.npm_package_name}} (v{{env.npm_package_version}})\\n\\","<!-- utility2-comment\\n\\","    </a>\\n\\","utility2-comment -->\\n\\","</h1>\\n\\","<h3>{{env.npm_package_description}}</h3>\\n\\","<!-- utility2-comment\\n\\","<h4><a download href=\"assets.app.js\">download standalone app</a></h4>\\n\\","<button class=\"onclick onreset\" id=\"testRunButton1\">run internal test</button><br>\\n\\","<div id=\"testReportDiv1\" style=\"display: none;\"></div>\\n\\","utility2-comment -->\\n\\","\\n\\","\\n\\","\\n\\","<label>stderr and stdout</label>\\n\\","<textarea class=\"resettable\" id=\"outputTextareaStdout1\" readonly></textarea>\\n\\","<!-- utility2-comment\\n\\","{{#if isRollup}}\\n\\","<script src=\"assets.app.js\"></script>\\n\\","{{#unless isRollup}}\\n\\","utility2-comment -->\\n\\","<script src=\"assets.utility2.rollup.js\"></script>\\n\\","<script src=\"jsonp.utility2._stateInit?callback=window.utility2._stateInit\"></script>\\n\\","<script src=\"assets.npmtest_engine_io.rollup.js\"></script>\\n\\","<script src=\"assets.example.js\"></script>\\n\\","<script src=\"assets.test.js\"></script>\\n\\","<!-- utility2-comment\\n\\","{{/if isRollup}}\\n\\","utility2-comment -->\\n\\","<div class=\"utility2FooterDiv\">\\n\\","    [ this app was created with\\n\\","    <a href=\"https://github.com/kaizhu256/node-utility2\" target=\"_blank\">utility2</a>\\n\\","    ]\\n\\","</div>\\n\\","</body>\\n\\","</html>\\n\\","';","        /* jslint-ignore-end */","        if (local.templateRender) {","            local.assetsDict['/'] = local.templateRender(","                local.assetsDict['/assets.index.template.html'],","                {","                    env: local.objectSetDefault(local.env, {","                        npm_package_description: 'the greatest app in the world!',","                        npm_package_name: 'my-app',","                        npm_package_nameAlias: 'my_app',","                        npm_package_version: '0.0.1'","                    })","                }","            );","        } else {","            local.assetsDict['/'] = local.assetsDict['/assets.index.template.html']","                .replace((/\\{\\{env\\.(\\w+?)\\}\\}/g), function (match0, match1) {","                    // jslint-hack","                    String(match0);","                    switch (match1) {","                    case 'npm_package_description':","                        return 'the greatest app in the world!';","                    case 'npm_package_name':","                        return 'my-app';","                    case 'npm_package_nameAlias':","                        return 'my_app';","                    case 'npm_package_version':","                        return '0.0.1';","                    }","                });","        }","        // run the cli","        if (local.global.utility2_rollup || module !== require.main) {","            break;","        }","        local.assetsDict['/assets.example.js'] =","            local.assetsDict['/assets.example.js'] ||","            local.fs.readFileSync(__filename, 'utf8');","        local.assetsDict['/assets.npmtest_engine_io.rollup.js'] =","            local.assetsDict['/assets.npmtest_engine_io.rollup.js'] ||","            local.fs.readFileSync(","                // buildCustomOrg-hack","                local.npmtest_engine_io.__dirname +","                    '/lib.npmtest_engine_io.js',","                'utf8'","            ).replace((/^#!/), '//');","        local.assetsDict['/favicon.ico'] = local.assetsDict['/favicon.ico'] || '';","        // if $npm_config_timeout_exit exists,","        // then exit this process after $npm_config_timeout_exit ms","        if (Number(process.env.npm_config_timeout_exit)) {","            setTimeout(process.exit, Number(process.env.npm_config_timeout_exit));","        }","        // start server","        if (local.global.utility2_serverHttp1) {","            break;","        }","        process.env.PORT = process.env.PORT || '8081';","        console.error('server starting on port ' + process.env.PORT);","        local.http.createServer(function (request, response) {","            request.urlParsed = local.url.parse(request.url);","            if (local.assetsDict[request.urlParsed.pathname] !== undefined) {","                response.end(local.assetsDict[request.urlParsed.pathname]);","                return;","            }","            response.statusCode = 404;","            response.end();","        }).listen(process.env.PORT);","        break;","    }","}());",""],"l":{"26":2,"28":2,"33":2,"35":2,"37":2,"38":2,"39":2,"44":1,"51":2,"55":2,"59":2,"61":2,"69":1,"70":2,"76":2,"79":2,"82":2,"83":2,"85":1,"89":2,"92":1,"93":1,"94":1,"96":1,"97":1,"100":1,"101":1,"103":1,"106":1,"108":2,"114":1,"116":1,"118":1,"123":1,"124":2,"125":2,"126":2,"127":2,"128":2,"129":2,"130":1,"133":2,"134":2,"139":2,"143":1,"144":3,"145":1,"149":1,"150":1,"158":1,"160":1,"161":1,"162":1,"164":1,"166":1,"258":1,"259":1,"271":1,"274":6,"275":6,"277":1,"279":2,"281":1,"283":2,"288":1,"289":1,"291":1,"294":1,"302":1,"305":1,"306":1,"309":1,"310":1,"312":1,"313":1,"314":1,"315":1,"316":1,"317":1,"318":1,"320":1,"321":1,"323":1}},"/home/travis/build/npmtest/node-npmtest-engine.io/engine.io/lib/engine.io.js":{"path":"/home/travis/build/npmtest/node-npmtest-engine.io/engine.io/lib/engine.io.js","s":{"1":1,"2":1,"3":0,"4":0,"5":0,"6":1,"7":1,"8":1,"9":1,"10":1,"11":1,"12":1,"13":1,"14":0,"15":0,"16":0,"17":0,"18":0,"19":0,"20":0,"21":0,"22":0,"23":0,"24":1,"25":1,"26":0,"27":0,"28":0},"b":{"1":[0,0],"2":[0,0],"3":[0,0]},"f":{"1":0,"2":0,"3":0,"4":0},"fnMap":{"1":{"name":"(anonymous_1)","line":20,"loc":{"start":{"line":20,"column":27},"end":{"line":20,"column":39}}},"2":{"name":"listen","line":91,"loc":{"start":{"line":91,"column":0},"end":{"line":91,"column":36}}},"3":{"name":"(anonymous_3)","line":97,"loc":{"start":{"line":97,"column":33},"end":{"line":97,"column":53}}},"4":{"name":"attach","line":122,"loc":{"start":{"line":122,"column":0},"end":{"line":122,"column":34}}}},"statementMap":{"1":{"start":{"line":5,"column":0},"end":{"line":5,"column":27}},"2":{"start":{"line":20,"column":0},"end":{"line":29,"column":2}},"3":{"start":{"line":23,"column":2},"end":{"line":25,"column":3}},"4":{"start":{"line":24,"column":4},"end":{"line":24,"column":41}},"5":{"start":{"line":28,"column":2},"end":{"line":28,"column":47}},"6":{"start":{"line":37,"column":0},"end":{"line":37,"column":21}},"7":{"start":{"line":45,"column":0},"end":{"line":45,"column":37}},"8":{"start":{"line":53,"column":0},"end":{"line":53,"column":37}},"9":{"start":{"line":61,"column":0},"end":{"line":61,"column":43}},"10":{"start":{"line":69,"column":0},"end":{"line":69,"column":45}},"11":{"start":{"line":77,"column":0},"end":{"line":77,"column":45}},"12":{"start":{"line":89,"column":0},"end":{"line":89,"column":24}},"13":{"start":{"line":91,"column":0},"end":{"line":109,"column":1}},"14":{"start":{"line":92,"column":2},"end":{"line":95,"column":3}},"15":{"start":{"line":93,"column":4},"end":{"line":93,"column":17}},"16":{"start":{"line":94,"column":4},"end":{"line":94,"column":17}},"17":{"start":{"line":97,"column":2},"end":{"line":100,"column":5}},"18":{"start":{"line":98,"column":4},"end":{"line":98,"column":23}},"19":{"start":{"line":99,"column":4},"end":{"line":99,"column":31}},"20":{"start":{"line":103,"column":2},"end":{"line":103,"column":47}},"21":{"start":{"line":104,"column":2},"end":{"line":104,"column":29}},"22":{"start":{"line":106,"column":2},"end":{"line":106,"column":26}},"23":{"start":{"line":108,"column":2},"end":{"line":108,"column":16}},"24":{"start":{"line":120,"column":0},"end":{"line":120,"column":24}},"25":{"start":{"line":122,"column":0},"end":{"line":126,"column":1}},"26":{"start":{"line":123,"column":2},"end":{"line":123,"column":43}},"27":{"start":{"line":124,"column":2},"end":{"line":124,"column":33}},"28":{"start":{"line":125,"column":2},"end":{"line":125,"column":16}}},"branchMap":{"1":{"line":23,"type":"if","locations":[{"start":{"line":23,"column":2},"end":{"line":23,"column":2}},{"start":{"line":23,"column":2},"end":{"line":23,"column":2}}]},"2":{"line":23,"type":"binary-expr","locations":[{"start":{"line":23,"column":6},"end":{"line":23,"column":22}},{"start":{"line":23,"column":26},"end":{"line":23,"column":61}}]},"3":{"line":92,"type":"if","locations":[{"start":{"line":92,"column":2},"end":{"line":92,"column":2}},{"start":{"line":92,"column":2},"end":{"line":92,"column":2}}]}},"code":["/**"," * Module dependencies."," */","","var http = require('http');","","/**"," * Invoking the library as a function delegates to attach if the first argument"," * is an `http.Server`."," *"," * If there are no arguments or the first argument is an options object, then"," * a new Server instance is returned."," *"," * @param {http.Server} server (if specified, will be attached to by the new Server instance)"," * @param {Object} options"," * @return {Server} engine server"," * @api public"," */","","exports = module.exports = function () {","  // backwards compatible use as `.attach`","  // if first argument is an http server","  if (arguments.length && arguments[0] instanceof http.Server) {","    return attach.apply(this, arguments);","  }","","  // if first argument is not an http server, then just make a regular eio server","  return exports.Server.apply(null, arguments);","};","","/**"," * Protocol revision number."," *"," * @api public"," */","","exports.protocol = 1;","","/**"," * Expose Server constructor."," *"," * @api public"," */","","exports.Server = require('./server');","","/**"," * Expose Socket constructor."," *"," * @api public"," */","","exports.Socket = require('./socket');","","/**"," * Expose Transport constructor."," *"," * @api public"," */","","exports.Transport = require('./transport');","","/**"," * Expose mutable list of available transports."," *"," * @api public"," */","","exports.transports = require('./transports');","","/**"," * Exports parser."," *"," * @api public"," */","","exports.parser = require('engine.io-parser');","","/**"," * Creates an http.Server exclusively used for WS upgrades."," *"," * @param {Number} port"," * @param {Function} callback"," * @param {Object} options"," * @return {Server} websocket.io server"," * @api public"," */","","exports.listen = listen;","","function listen (port, options, fn) {","  if ('function' === typeof options) {","    fn = options;","    options = {};","  }","","  var server = http.createServer(function (req, res) {","    res.writeHead(501);","    res.end('Not Implemented');","  });","","  // create engine server","  var engine = exports.attach(server, options);","  engine.httpServer = server;","","  server.listen(port, fn);","","  return engine;","}","","/**"," * Captures upgrade requests for a http.Server."," *"," * @param {http.Server} server"," * @param {Object} options"," * @return {Server} engine server"," * @api public"," */","","exports.attach = attach;","","function attach (server, options) {","  var engine = new exports.Server(options);","  engine.attach(server, options);","  return engine;","}",""],"l":{"5":1,"20":1,"23":0,"24":0,"28":0,"37":1,"45":1,"53":1,"61":1,"69":1,"77":1,"89":1,"91":1,"92":0,"93":0,"94":0,"97":0,"98":0,"99":0,"103":0,"104":0,"106":0,"108":0,"120":1,"122":1,"123":0,"124":0,"125":0}},"/home/travis/build/npmtest/node-npmtest-engine.io/engine.io/lib/server.js":{"path":"/home/travis/build/npmtest/node-npmtest-engine.io/engine.io/lib/server.js","s":{"1":1,"2":1,"3":1,"4":1,"5":1,"6":1,"7":1,"8":1,"9":1,"10":1,"11":1,"12":0,"13":0,"14":0,"15":0,"16":0,"17":0,"18":0,"19":0,"20":0,"21":0,"22":0,"23":0,"24":0,"25":0,"26":0,"27":0,"28":0,"29":0,"30":0,"31":0,"32":0,"33":0,"34":0,"35":0,"36":0,"37":0,"38":0,"39":1,"40":1,"41":1,"42":1,"43":1,"44":0,"45":0,"46":0,"47":0,"48":0,"49":0,"50":0,"51":0,"52":0,"53":0,"54":1,"55":0,"56":0,"57":0,"58":1,"59":0,"60":0,"61":0,"62":0,"63":0,"64":0,"65":0,"66":0,"67":0,"68":0,"69":0,"70":0,"71":0,"72":0,"73":0,"74":0,"75":0,"76":1,"77":0,"78":0,"79":1,"80":0,"81":0,"82":0,"83":0,"84":0,"85":0,"86":0,"87":0,"88":1,"89":0,"90":0,"91":0,"92":0,"93":0,"94":0,"95":0,"96":0,"97":0,"98":0,"99":0,"100":0,"101":1,"102":0,"103":0,"104":0,"105":0,"106":0,"107":0,"108":0,"109":0,"110":0,"111":0,"112":0,"113":0,"114":1,"115":0,"116":1,"117":0,"118":0,"119":0,"120":0,"121":0,"122":0,"123":0,"124":0,"125":0,"126":0,"127":0,"128":0,"129":0,"130":0,"131":0,"132":0,"133":0,"134":0,"135":0,"136":0,"137":0,"138":0,"139":0,"140":0,"141":0,"142":0,"143":1,"144":0,"145":0,"146":0,"147":0,"148":0,"149":0,"150":0,"151":0,"152":0,"153":0,"154":0,"155":1,"156":0,"157":0,"158":0,"159":0,"160":0,"161":0,"162":0,"163":0,"164":0,"165":0,"166":0,"167":0,"168":0,"169":0,"170":0,"171":0,"172":0,"173":0,"174":0,"175":0,"176":0,"177":0,"178":0,"179":0,"180":0,"181":0,"182":0,"183":0,"184":1,"185":0,"186":1,"187":0,"188":0,"189":0,"190":0,"191":0,"192":1,"193":0,"194":0,"195":0,"196":0,"197":0,"198":0,"199":0,"200":0,"201":0,"202":0,"203":0,"204":0,"205":0,"206":0,"207":0,"208":0,"209":0,"210":0,"211":0,"212":0,"213":0,"214":0,"215":0,"216":1,"217":0,"218":0,"219":0,"220":0,"221":0},"b":{"1":[0,0],"2":[0,0],"3":[0,0,0],"4":[0,0],"5":[0,0],"6":[0,0],"7":[0,0],"8":[0,0],"9":[0,0],"10":[0,0],"11":[0,0],"12":[0,0],"13":[0,0],"14":[0,0],"15":[0,0],"16":[0,0],"17":[0,0],"18":[0,0],"19":[0,0],"20":[0,0],"21":[0,0],"22":[0,0],"23":[0,0],"24":[0,0],"25":[0,0],"26":[0,0],"27":[0,0],"28":[0,0],"29":[0,0],"30":[0,0],"31":[0,0],"32":[0,0],"33":[0,0],"34":[0,0],"35":[0,0],"36":[0,0],"37":[0,0],"38":[0,0],"39":[0,0],"40":[0,0],"41":[0,0],"42":[0,0],"43":[0,0],"44":[0,0],"45":[0,0],"46":[0,0],"47":[0,0],"48":[0,0],"49":[0,0],"50":[0,0],"51":[0,0],"52":[0,0],"53":[0,0],"54":[0,0],"55":[0,0],"56":[0,0],"57":[0,0],"58":[0,0],"59":[0,0],"60":[0,0],"61":[0,0],"62":[0,0],"63":[0,0],"64":[0,0],"65":[0,0],"66":[0,0],"67":[0,0],"68":[0,0]},"f":{"1":0,"2":0,"3":0,"4":0,"5":0,"6":0,"7":0,"8":0,"9":0,"10":0,"11":0,"12":0,"13":0,"14":0,"15":0,"16":0,"17":0,"18":0,"19":0,"20":0,"21":0,"22":0,"23":0,"24":0,"25":0},"fnMap":{"1":{"name":"Server","line":29,"loc":{"start":{"line":29,"column":0},"end":{"line":29,"column":23}}},"2":{"name":"(anonymous_2)","line":57,"loc":{"start":{"line":57,"column":51},"end":{"line":57,"column":67}}},"3":{"name":"(anonymous_3)","line":108,"loc":{"start":{"line":108,"column":24},"end":{"line":108,"column":36}}},"4":{"name":"(anonymous_4)","line":136,"loc":{"start":{"line":136,"column":28},"end":{"line":136,"column":49}}},"5":{"name":"(anonymous_5)","line":149,"loc":{"start":{"line":149,"column":26},"end":{"line":149,"column":54}}},"6":{"name":"(anonymous_6)","line":183,"loc":{"start":{"line":183,"column":27},"end":{"line":183,"column":42}}},"7":{"name":"(anonymous_7)","line":196,"loc":{"start":{"line":196,"column":25},"end":{"line":196,"column":37}}},"8":{"name":"(anonymous_8)","line":219,"loc":{"start":{"line":219,"column":33},"end":{"line":219,"column":53}}},"9":{"name":"(anonymous_9)","line":225,"loc":{"start":{"line":225,"column":26},"end":{"line":225,"column":50}}},"10":{"name":"sendErrorMessage","line":248,"loc":{"start":{"line":248,"column":0},"end":{"line":248,"column":43}}},"11":{"name":"(anonymous_11)","line":281,"loc":{"start":{"line":281,"column":30},"end":{"line":281,"column":45}}},"12":{"name":"(anonymous_12)","line":293,"loc":{"start":{"line":293,"column":29},"end":{"line":293,"column":59}}},"13":{"name":"(anonymous_13)","line":320,"loc":{"start":{"line":320,"column":28},"end":{"line":320,"column":47}}},"14":{"name":"(anonymous_14)","line":334,"loc":{"start":{"line":334,"column":23},"end":{"line":334,"column":35}}},"15":{"name":"(anonymous_15)","line":348,"loc":{"start":{"line":348,"column":33},"end":{"line":348,"column":69}}},"16":{"name":"(anonymous_16)","line":352,"loc":{"start":{"line":352,"column":25},"end":{"line":352,"column":49}}},"17":{"name":"(anonymous_17)","line":363,"loc":{"start":{"line":363,"column":45},"end":{"line":363,"column":61}}},"18":{"name":"(anonymous_18)","line":376,"loc":{"start":{"line":376,"column":31},"end":{"line":376,"column":54}}},"19":{"name":"onUpgradeError","line":424,"loc":{"start":{"line":424,"column":2},"end":{"line":424,"column":29}}},"20":{"name":"(anonymous_20)","line":438,"loc":{"start":{"line":438,"column":26},"end":{"line":438,"column":53}}},"21":{"name":"check","line":448,"loc":{"start":{"line":448,"column":2},"end":{"line":448,"column":23}}},"22":{"name":"(anonymous_22)","line":462,"loc":{"start":{"line":462,"column":23},"end":{"line":462,"column":43}}},"23":{"name":"(anonymous_23)","line":478,"loc":{"start":{"line":478,"column":25},"end":{"line":478,"column":54}}},"24":{"name":"(anonymous_24)","line":486,"loc":{"start":{"line":486,"column":19},"end":{"line":486,"column":31}}},"25":{"name":"abortConnection","line":504,"loc":{"start":{"line":504,"column":0},"end":{"line":504,"column":40}}}},"statementMap":{"1":{"start":{"line":6,"column":0},"end":{"line":6,"column":32}},"2":{"start":{"line":7,"column":0},"end":{"line":7,"column":33}},"3":{"start":{"line":8,"column":0},"end":{"line":8,"column":35}},"4":{"start":{"line":9,"column":0},"end":{"line":9,"column":41}},"5":{"start":{"line":10,"column":0},"end":{"line":10,"column":50}},"6":{"start":{"line":11,"column":0},"end":{"line":11,"column":33}},"7":{"start":{"line":12,"column":0},"end":{"line":12,"column":27}},"8":{"start":{"line":13,"column":0},"end":{"line":13,"column":39}},"9":{"start":{"line":14,"column":0},"end":{"line":14,"column":34}},"10":{"start":{"line":20,"column":0},"end":{"line":20,"column":24}},"11":{"start":{"line":29,"column":0},"end":{"line":66,"column":1}},"12":{"start":{"line":30,"column":2},"end":{"line":32,"column":3}},"13":{"start":{"line":31,"column":4},"end":{"line":31,"column":28}},"14":{"start":{"line":34,"column":2},"end":{"line":34,"column":20}},"15":{"start":{"line":35,"column":2},"end":{"line":35,"column":24}},"16":{"start":{"line":37,"column":2},"end":{"line":37,"column":20}},"17":{"start":{"line":39,"column":2},"end":{"line":39,"column":70}},"18":{"start":{"line":40,"column":2},"end":{"line":40,"column":47}},"19":{"start":{"line":41,"column":2},"end":{"line":41,"column":49}},"20":{"start":{"line":42,"column":2},"end":{"line":42,"column":53}},"21":{"start":{"line":43,"column":2},"end":{"line":43,"column":58}},"22":{"start":{"line":44,"column":2},"end":{"line":44,"column":63}},"23":{"start":{"line":45,"column":2},"end":{"line":45,"column":52}},"24":{"start":{"line":46,"column":2},"end":{"line":46,"column":40}},"25":{"start":{"line":47,"column":2},"end":{"line":47,"column":70}},"26":{"start":{"line":48,"column":2},"end":{"line":48,"column":81}},"27":{"start":{"line":49,"column":2},"end":{"line":49,"column":54}},"28":{"start":{"line":50,"column":2},"end":{"line":50,"column":103}},"29":{"start":{"line":51,"column":2},"end":{"line":51,"column":95}},"30":{"start":{"line":52,"column":2},"end":{"line":52,"column":42}},"31":{"start":{"line":54,"column":2},"end":{"line":54,"column":18}},"32":{"start":{"line":57,"column":2},"end":{"line":63,"column":5}},"33":{"start":{"line":58,"column":4},"end":{"line":58,"column":33}},"34":{"start":{"line":59,"column":4},"end":{"line":59,"column":60}},"35":{"start":{"line":59,"column":30},"end":{"line":59,"column":60}},"36":{"start":{"line":60,"column":4},"end":{"line":62,"column":5}},"37":{"start":{"line":61,"column":6},"end":{"line":61,"column":35}},"38":{"start":{"line":65,"column":2},"end":{"line":65,"column":14}},"39":{"start":{"line":72,"column":0},"end":{"line":78,"column":2}},"40":{"start":{"line":80,"column":0},"end":{"line":86,"column":2}},"41":{"start":{"line":92,"column":0},"end":{"line":92,"column":36}},"42":{"start":{"line":100,"column":0},"end":{"line":100,"column":25}},"43":{"start":{"line":108,"column":0},"end":{"line":127,"column":2}},"44":{"start":{"line":109,"column":2},"end":{"line":109,"column":53}},"45":{"start":{"line":109,"column":46},"end":{"line":109,"column":53}},"46":{"start":{"line":111,"column":2},"end":{"line":111,"column":31}},"47":{"start":{"line":111,"column":15},"end":{"line":111,"column":31}},"48":{"start":{"line":113,"column":2},"end":{"line":113,"column":15}},"49":{"start":{"line":114,"column":2},"end":{"line":120,"column":3}},"50":{"start":{"line":115,"column":4},"end":{"line":115,"column":38}},"51":{"start":{"line":117,"column":4},"end":{"line":117,"column":25}},"52":{"start":{"line":119,"column":4},"end":{"line":119,"column":29}},"53":{"start":{"line":121,"column":2},"end":{"line":126,"column":5}},"54":{"start":{"line":136,"column":0},"end":{"line":139,"column":2}},"55":{"start":{"line":137,"column":2},"end":{"line":137,"column":37}},"56":{"start":{"line":137,"column":27},"end":{"line":137,"column":37}},"57":{"start":{"line":138,"column":2},"end":{"line":138,"column":48}},"58":{"start":{"line":149,"column":0},"end":{"line":175,"column":2}},"59":{"start":{"line":151,"column":2},"end":{"line":151,"column":39}},"60":{"start":{"line":152,"column":2},"end":{"line":155,"column":3}},"61":{"start":{"line":153,"column":4},"end":{"line":153,"column":47}},"62":{"start":{"line":154,"column":4},"end":{"line":154,"column":54}},"63":{"start":{"line":158,"column":2},"end":{"line":158,"column":27}},"64":{"start":{"line":159,"column":2},"end":{"line":172,"column":3}},"65":{"start":{"line":160,"column":4},"end":{"line":162,"column":5}},"66":{"start":{"line":161,"column":6},"end":{"line":161,"column":50}},"67":{"start":{"line":163,"column":4},"end":{"line":166,"column":5}},"68":{"start":{"line":164,"column":6},"end":{"line":164,"column":65}},"69":{"start":{"line":165,"column":6},"end":{"line":165,"column":50}},"70":{"start":{"line":169,"column":4},"end":{"line":169,"column":83}},"71":{"start":{"line":169,"column":30},"end":{"line":169,"column":83}},"72":{"start":{"line":170,"column":4},"end":{"line":170,"column":50}},"73":{"start":{"line":170,"column":28},"end":{"line":170,"column":50}},"74":{"start":{"line":171,"column":4},"end":{"line":171,"column":38}},"75":{"start":{"line":174,"column":2},"end":{"line":174,"column":17}},"76":{"start":{"line":183,"column":0},"end":{"line":188,"column":2}},"77":{"start":{"line":185,"column":2},"end":{"line":187,"column":3}},"78":{"start":{"line":186,"column":4},"end":{"line":186,"column":77}},"79":{"start":{"line":196,"column":0},"end":{"line":209,"column":2}},"80":{"start":{"line":197,"column":2},"end":{"line":197,"column":36}},"81":{"start":{"line":198,"column":2},"end":{"line":202,"column":3}},"82":{"start":{"line":199,"column":4},"end":{"line":201,"column":5}},"83":{"start":{"line":200,"column":6},"end":{"line":200,"column":34}},"84":{"start":{"line":203,"column":2},"end":{"line":207,"column":3}},"85":{"start":{"line":204,"column":4},"end":{"line":204,"column":37}},"86":{"start":{"line":205,"column":4},"end":{"line":205,"column":20}},"87":{"start":{"line":208,"column":2},"end":{"line":208,"column":14}},"88":{"start":{"line":219,"column":0},"end":{"line":238,"column":2}},"89":{"start":{"line":220,"column":2},"end":{"line":220,"column":64}},"90":{"start":{"line":221,"column":2},"end":{"line":221,"column":20}},"91":{"start":{"line":222,"column":2},"end":{"line":222,"column":16}},"92":{"start":{"line":224,"column":2},"end":{"line":224,"column":18}},"93":{"start":{"line":225,"column":2},"end":{"line":237,"column":5}},"94":{"start":{"line":226,"column":4},"end":{"line":229,"column":5}},"95":{"start":{"line":227,"column":6},"end":{"line":227,"column":38}},"96":{"start":{"line":228,"column":6},"end":{"line":228,"column":13}},"97":{"start":{"line":231,"column":4},"end":{"line":236,"column":5}},"98":{"start":{"line":232,"column":6},"end":{"line":232,"column":55}},"99":{"start":{"line":233,"column":6},"end":{"line":233,"column":60}},"100":{"start":{"line":235,"column":6},"end":{"line":235,"column":48}},"101":{"start":{"line":248,"column":0},"end":{"line":271,"column":1}},"102":{"start":{"line":249,"column":2},"end":{"line":249,"column":55}},"103":{"start":{"line":251,"column":2},"end":{"line":251,"column":63}},"104":{"start":{"line":252,"column":2},"end":{"line":259,"column":3}},"105":{"start":{"line":253,"column":4},"end":{"line":253,"column":32}},"106":{"start":{"line":254,"column":4},"end":{"line":257,"column":8}},"107":{"start":{"line":258,"column":4},"end":{"line":258,"column":11}},"108":{"start":{"line":260,"column":2},"end":{"line":265,"column":3}},"109":{"start":{"line":261,"column":4},"end":{"line":261,"column":57}},"110":{"start":{"line":262,"column":4},"end":{"line":262,"column":64}},"111":{"start":{"line":264,"column":4},"end":{"line":264,"column":49}},"112":{"start":{"line":266,"column":2},"end":{"line":266,"column":30}},"113":{"start":{"line":267,"column":2},"end":{"line":270,"column":6}},"114":{"start":{"line":281,"column":0},"end":{"line":283,"column":2}},"115":{"start":{"line":282,"column":2},"end":{"line":282,"column":31}},"116":{"start":{"line":293,"column":0},"end":{"line":340,"column":2}},"117":{"start":{"line":294,"column":2},"end":{"line":294,"column":32}},"118":{"start":{"line":296,"column":2},"end":{"line":296,"column":39}},"119":{"start":{"line":298,"column":2},"end":{"line":315,"column":3}},"120":{"start":{"line":299,"column":4},"end":{"line":299,"column":55}},"121":{"start":{"line":300,"column":4},"end":{"line":305,"column":5}},"122":{"start":{"line":301,"column":6},"end":{"line":301,"column":59}},"123":{"start":{"line":302,"column":6},"end":{"line":302,"column":55}},"124":{"start":{"line":303,"column":11},"end":{"line":305,"column":5}},"125":{"start":{"line":304,"column":6},"end":{"line":304,"column":59}},"126":{"start":{"line":307,"column":4},"end":{"line":311,"column":5}},"127":{"start":{"line":308,"column":6},"end":{"line":308,"column":39}},"128":{"start":{"line":310,"column":6},"end":{"line":310,"column":38}},"129":{"start":{"line":313,"column":4},"end":{"line":313,"column":62}},"130":{"start":{"line":314,"column":4},"end":{"line":314,"column":11}},"131":{"start":{"line":316,"column":2},"end":{"line":316,"column":52}},"132":{"start":{"line":317,"column":2},"end":{"line":317,"column":18}},"133":{"start":{"line":319,"column":2},"end":{"line":327,"column":3}},"134":{"start":{"line":320,"column":4},"end":{"line":326,"column":7}},"135":{"start":{"line":321,"column":6},"end":{"line":325,"column":11}},"136":{"start":{"line":329,"column":2},"end":{"line":329,"column":27}},"137":{"start":{"line":331,"column":2},"end":{"line":331,"column":28}},"138":{"start":{"line":332,"column":2},"end":{"line":332,"column":22}},"139":{"start":{"line":334,"column":2},"end":{"line":337,"column":5}},"140":{"start":{"line":335,"column":4},"end":{"line":335,"column":28}},"141":{"start":{"line":336,"column":4},"end":{"line":336,"column":24}},"142":{"start":{"line":339,"column":2},"end":{"line":339,"column":34}},"143":{"start":{"line":348,"column":0},"end":{"line":367,"column":2}},"144":{"start":{"line":349,"column":2},"end":{"line":349,"column":20}},"145":{"start":{"line":351,"column":2},"end":{"line":351,"column":18}},"146":{"start":{"line":352,"column":2},"end":{"line":366,"column":5}},"147":{"start":{"line":353,"column":4},"end":{"line":356,"column":5}},"148":{"start":{"line":354,"column":6},"end":{"line":354,"column":35}},"149":{"start":{"line":355,"column":6},"end":{"line":355,"column":13}},"150":{"start":{"line":358,"column":4},"end":{"line":358,"column":46}},"151":{"start":{"line":359,"column":4},"end":{"line":359,"column":27}},"152":{"start":{"line":360,"column":4},"end":{"line":360,"column":23}},"153":{"start":{"line":363,"column":4},"end":{"line":365,"column":7}},"154":{"start":{"line":364,"column":6},"end":{"line":364,"column":34}},"155":{"start":{"line":376,"column":0},"end":{"line":428,"column":2}},"156":{"start":{"line":377,"column":2},"end":{"line":377,"column":37}},"157":{"start":{"line":379,"column":2},"end":{"line":383,"column":3}},"158":{"start":{"line":380,"column":4},"end":{"line":380,"column":55}},"159":{"start":{"line":381,"column":4},"end":{"line":381,"column":19}},"160":{"start":{"line":382,"column":4},"end":{"line":382,"column":11}},"161":{"start":{"line":386,"column":2},"end":{"line":386,"column":26}},"162":{"start":{"line":389,"column":2},"end":{"line":389,"column":25}},"163":{"start":{"line":391,"column":2},"end":{"line":422,"column":3}},"164":{"start":{"line":392,"column":4},"end":{"line":392,"column":34}},"165":{"start":{"line":393,"column":4},"end":{"line":416,"column":5}},"166":{"start":{"line":394,"column":6},"end":{"line":394,"column":49}},"167":{"start":{"line":395,"column":6},"end":{"line":395,"column":21}},"168":{"start":{"line":396,"column":11},"end":{"line":416,"column":5}},"169":{"start":{"line":397,"column":6},"end":{"line":397,"column":60}},"170":{"start":{"line":398,"column":6},"end":{"line":398,"column":21}},"171":{"start":{"line":399,"column":11},"end":{"line":416,"column":5}},"172":{"start":{"line":400,"column":6},"end":{"line":400,"column":51}},"173":{"start":{"line":401,"column":6},"end":{"line":401,"column":21}},"174":{"start":{"line":403,"column":6},"end":{"line":403,"column":44}},"175":{"start":{"line":406,"column":6},"end":{"line":406,"column":53}},"176":{"start":{"line":408,"column":6},"end":{"line":408,"column":64}},"177":{"start":{"line":409,"column":6},"end":{"line":413,"column":7}},"178":{"start":{"line":410,"column":8},"end":{"line":410,"column":41}},"179":{"start":{"line":412,"column":8},"end":{"line":412,"column":40}},"180":{"start":{"line":414,"column":6},"end":{"line":414,"column":59}},"181":{"start":{"line":415,"column":6},"end":{"line":415,"column":37}},"182":{"start":{"line":419,"column":4},"end":{"line":419,"column":51}},"183":{"start":{"line":421,"column":4},"end":{"line":421,"column":46}},"184":{"start":{"line":424,"column":2},"end":{"line":427,"column":3}},"185":{"start":{"line":425,"column":4},"end":{"line":425,"column":44}},"186":{"start":{"line":438,"column":0},"end":{"line":494,"column":2}},"187":{"start":{"line":439,"column":2},"end":{"line":439,"column":18}},"188":{"start":{"line":440,"column":2},"end":{"line":440,"column":26}},"189":{"start":{"line":441,"column":2},"end":{"line":441,"column":63}},"190":{"start":{"line":443,"column":2},"end":{"line":443,"column":68}},"191":{"start":{"line":446,"column":2},"end":{"line":446,"column":14}},"192":{"start":{"line":448,"column":2},"end":{"line":453,"column":3}},"193":{"start":{"line":449,"column":4},"end":{"line":451,"column":5}},"194":{"start":{"line":450,"column":6},"end":{"line":450,"column":19}},"195":{"start":{"line":452,"column":4},"end":{"line":452,"column":51}},"196":{"start":{"line":456,"column":2},"end":{"line":456,"column":55}},"197":{"start":{"line":457,"column":2},"end":{"line":457,"column":39}},"198":{"start":{"line":458,"column":2},"end":{"line":458,"column":44}},"199":{"start":{"line":459,"column":2},"end":{"line":459,"column":47}},"200":{"start":{"line":462,"column":2},"end":{"line":475,"column":5}},"201":{"start":{"line":463,"column":4},"end":{"line":474,"column":5}},"202":{"start":{"line":464,"column":6},"end":{"line":464,"column":56}},"203":{"start":{"line":465,"column":6},"end":{"line":469,"column":7}},"204":{"start":{"line":466,"column":8},"end":{"line":466,"column":62}},"205":{"start":{"line":468,"column":8},"end":{"line":468,"column":37}},"206":{"start":{"line":471,"column":6},"end":{"line":473,"column":7}},"207":{"start":{"line":472,"column":8},"end":{"line":472,"column":44}},"208":{"start":{"line":477,"column":2},"end":{"line":493,"column":3}},"209":{"start":{"line":478,"column":4},"end":{"line":492,"column":7}},"210":{"start":{"line":479,"column":6},"end":{"line":491,"column":7}},"211":{"start":{"line":480,"column":8},"end":{"line":480,"column":46}},"212":{"start":{"line":481,"column":13},"end":{"line":491,"column":7}},"213":{"start":{"line":486,"column":8},"end":{"line":490,"column":34}},"214":{"start":{"line":487,"column":10},"end":{"line":489,"column":11}},"215":{"start":{"line":488,"column":12},"end":{"line":488,"column":32}},"216":{"start":{"line":504,"column":0},"end":{"line":518,"column":1}},"217":{"start":{"line":505,"column":2},"end":{"line":516,"column":3}},"218":{"start":{"line":506,"column":4},"end":{"line":506,"column":96}},"219":{"start":{"line":507,"column":4},"end":{"line":507,"column":44}},"220":{"start":{"line":508,"column":4},"end":{"line":515,"column":6}},"221":{"start":{"line":517,"column":2},"end":{"line":517,"column":19}}},"branchMap":{"1":{"line":30,"type":"if","locations":[{"start":{"line":30,"column":2},"end":{"line":30,"column":2}},{"start":{"line":30,"column":2},"end":{"line":30,"column":2}}]},"2":{"line":37,"type":"binary-expr","locations":[{"start":{"line":37,"column":9},"end":{"line":37,"column":13}},{"start":{"line":37,"column":17},"end":{"line":37,"column":19}}]},"3":{"line":39,"type":"binary-expr","locations":[{"start":{"line":39,"column":18},"end":{"line":39,"column":31}},{"start":{"line":39,"column":35},"end":{"line":39,"column":60}},{"start":{"line":39,"column":64},"end":{"line":39,"column":69}}]},"4":{"line":40,"type":"binary-expr","locations":[{"start":{"line":40,"column":21},"end":{"line":40,"column":37}},{"start":{"line":40,"column":41},"end":{"line":40,"column":46}}]},"5":{"line":41,"type":"binary-expr","locations":[{"start":{"line":41,"column":22},"end":{"line":41,"column":39}},{"start":{"line":41,"column":43},"end":{"line":41,"column":48}}]},"6":{"line":42,"type":"binary-expr","locations":[{"start":{"line":42,"column":24},"end":{"line":42,"column":43}},{"start":{"line":42,"column":47},"end":{"line":42,"column":52}}]},"7":{"line":43,"type":"binary-expr","locations":[{"start":{"line":43,"column":27},"end":{"line":43,"column":49}},{"start":{"line":43,"column":53},"end":{"line":43,"column":57}}]},"8":{"line":44,"type":"binary-expr","locations":[{"start":{"line":44,"column":20},"end":{"line":44,"column":35}},{"start":{"line":44,"column":39},"end":{"line":44,"column":62}}]},"9":{"line":47,"type":"cond-expr","locations":[{"start":{"line":47,"column":41},"end":{"line":47,"column":60}},{"start":{"line":47,"column":64},"end":{"line":47,"column":69}}]},"10":{"line":47,"type":"binary-expr","locations":[{"start":{"line":47,"column":41},"end":{"line":47,"column":52}},{"start":{"line":47,"column":56},"end":{"line":47,"column":60}}]},"11":{"line":48,"type":"cond-expr","locations":[{"start":{"line":48,"column":49},"end":{"line":48,"column":71}},{"start":{"line":48,"column":75},"end":{"line":48,"column":80}}]},"12":{"line":48,"type":"binary-expr","locations":[{"start":{"line":48,"column":49},"end":{"line":48,"column":64}},{"start":{"line":48,"column":68},"end":{"line":48,"column":71}}]},"13":{"line":50,"type":"cond-expr","locations":[{"start":{"line":50,"column":63},"end":{"line":50,"column":93}},{"start":{"line":50,"column":97},"end":{"line":50,"column":102}}]},"14":{"line":50,"type":"binary-expr","locations":[{"start":{"line":50,"column":63},"end":{"line":50,"column":85}},{"start":{"line":50,"column":89},"end":{"line":50,"column":93}}]},"15":{"line":51,"type":"cond-expr","locations":[{"start":{"line":51,"column":59},"end":{"line":51,"column":85}},{"start":{"line":51,"column":89},"end":{"line":51,"column":94}}]},"16":{"line":51,"type":"binary-expr","locations":[{"start":{"line":51,"column":59},"end":{"line":51,"column":79}},{"start":{"line":51,"column":83},"end":{"line":51,"column":85}}]},"17":{"line":59,"type":"if","locations":[{"start":{"line":59,"column":4},"end":{"line":59,"column":4}},{"start":{"line":59,"column":4},"end":{"line":59,"column":4}}]},"18":{"line":60,"type":"if","locations":[{"start":{"line":60,"column":4},"end":{"line":60,"column":4}},{"start":{"line":60,"column":4},"end":{"line":60,"column":4}}]},"19":{"line":60,"type":"binary-expr","locations":[{"start":{"line":60,"column":8},"end":{"line":60,"column":19}},{"start":{"line":60,"column":23},"end":{"line":60,"column":52}}]},"20":{"line":109,"type":"if","locations":[{"start":{"line":109,"column":2},"end":{"line":109,"column":2}},{"start":{"line":109,"column":2},"end":{"line":109,"column":2}}]},"21":{"line":111,"type":"if
[...]
lumn":41}},"212":{"start":{"line":463,"column":2},"end":{"line":463,"column":30}},"213":{"start":{"line":465,"column":2},"end":{"line":468,"column":3}},"214":{"start":{"line":466,"column":4},"end":{"line":466,"column":64}},"215":{"start":{"line":467,"column":4},"end":{"line":467,"column":11}},"216":{"start":{"line":470,"column":2},"end":{"line":470,"column":31}},"217":{"start":{"line":480,"column":0},"end":{"line":483,"column":2}},"218":{"start":{"line":481,"column":2},"end":{"line":481,"column":40}},"219":{"start":{"line":481,"column":15},"end":{"line":481,"column":40}},"220":{"start":{"line":482,"column":2},"end":{"line":482,"column":64}}},"branchMap":{"1":{"line":68,"type":"if","locations":[{"start":{"line":68,"column":2},"end":{"line":68,"column":2}},{"start":{"line":68,"column":2},"end":{"line":68,"column":2}}]},"2":{"line":84,"type":"if","locations":[{"start":{"line":84,"column":2},"end":{"line":84,"column":2}},{"start":{"line":84,"column":2},"end":{"line":84,"column":2}}]},"3":{"line":93,"type":"switch","locations":[{"start":{"line":95,"column":6},"end":{"line":99,"column":14}},{"start":{"line":101,"column":6},"end":{"line":103,"column":14}},{"start":{"line":105,"column":6},"end":{"line":108,"column":14}}]},"4":{"line":189,"type":"if","locations":[{"start":{"line":189,"column":4},"end":{"line":189,"column":4}},{"start":{"line":189,"column":4},"end":{"line":189,"column":4}}]},"5":{"line":195,"type":"if","locations":[{"start":{"line":195,"column":4},"end":{"line":195,"column":4}},{"start":{"line":195,"column":4},"end":{"line":195,"column":4}}]},"6":{"line":195,"type":"binary-expr","locations":[{"start":{"line":195,"column":8},"end":{"line":195,"column":30}},{"start":{"line":195,"column":34},"end":{"line":195,"column":57}}]},"7":{"line":200,"type":"if","locations":[{"start":{"line":200,"column":11},"end":{"line":200,"column":11}},{"start":{"line":200,"column":11},"end":{"line":200,"column":11}}]},"8":{"line":200,"type":"binary-expr","locations":[{"start":{"line":200,"column":15},"end":{"line":200,"column":40}},{"start":{"line":200,"column":44},"end":{"line":200,"column":72}}]},"9":{"line":210,"type":"if","locations":[{"start":{"line":210,"column":6},"end":{"line":210,"column":6}},{"start":{"line":210,"column":6},"end":{"line":210,"column":6}}]},"10":{"line":223,"type":"if","locations":[{"start":{"line":223,"column":4},"end":{"line":223,"column":4}},{"start":{"line":223,"column":4},"end":{"line":223,"column":4}}]},"11":{"line":223,"type":"binary-expr","locations":[{"start":{"line":223,"column":8},"end":{"line":223,"column":41}},{"start":{"line":223,"column":45},"end":{"line":223,"column":68}}]},"12":{"line":300,"type":"if","locations":[{"start":{"line":300,"column":2},"end":{"line":300,"column":2}},{"start":{"line":300,"column":2},"end":{"line":300,"column":2}}]},"13":{"line":335,"type":"if","locations":[{"start":{"line":335,"column":4},"end":{"line":335,"column":4}},{"start":{"line":335,"column":4},"end":{"line":335,"column":4}}]},"14":{"line":337,"type":"if","locations":[{"start":{"line":337,"column":6},"end":{"line":337,"column":6}},{"start":{"line":337,"column":6},"end":{"line":337,"column":6}}]},"15":{"line":340,"type":"if","locations":[{"start":{"line":340,"column":13},"end":{"line":340,"column":13}},{"start":{"line":340,"column":13},"end":{"line":340,"column":13}}]},"16":{"line":343,"type":"if","locations":[{"start":{"line":343,"column":10},"end":{"line":343,"column":10}},{"start":{"line":343,"column":10},"end":{"line":343,"column":10}}]},"17":{"line":378,"type":"if","locations":[{"start":{"line":378,"column":2},"end":{"line":378,"column":2}},{"start":{"line":378,"column":2},"end":{"line":378,"column":2}}]},"18":{"line":383,"type":"binary-expr","locations":[{"start":{"line":383,"column":12},"end":{"line":383,"column":19}},{"start":{"line":383,"column":23},"end":{"line":383,"column":25}}]},"19":{"line":386,"type":"if","locations":[{"start":{"line":386,"column":2},"end":{"line":386,"column":2}},{"start":{"line":386,"column":2},"end":{"line":386,"column":2}}]},"20":{"line":386,"type":"binary-expr","locations":[{"start":{"line":386,"column":6},"end":{"line":386,"column":35}},{"start":{"line":386,"column":39},"end":{"line":386,"column":67}}]},"21":{"line":393,"type":"if","locations":[{"start":{"line":393,"column":4},"end":{"line":393,"column":4}},{"start":{"line":393,"column":4},"end":{"line":393,"column":4}}]},"22":{"line":401,"type":"if","locations":[{"start":{"line":401,"column":4},"end":{"line":401,"column":4}},{"start":{"line":401,"column":4},"end":{"line":401,"column":4}}]},"23":{"line":414,"type":"if","locations":[{"start":{"line":414,"column":2},"end":{"line":414,"column":2}},{"start":{"line":414,"column":2},"end":{"line":414,"column":2}}]},"24":{"line":414,"type":"binary-expr","locations":[{"start":{"line":414,"column":6},"end":{"line":414,"column":34}},{"start":{"line":415,"column":16},"end":{"line":415,"column":39}},{"start":{"line":416,"column":16},"end":{"line":416,"column":39}}]},"25":{"line":422,"type":"if","locations":[{"start":{"line":422,"column":4},"end":{"line":422,"column":4}},{"start":{"line":422,"column":4},"end":{"line":422,"column":4}}]},"26":{"line":445,"type":"if","locations":[{"start":{"line":445,"column":4},"end":{"line":445,"column":4}},{"start":{"line":445,"column":4},"end":{"line":445,"column":4}}]},"27":{"line":461,"type":"if","locations":[{"start":{"line":461,"column":2},"end":{"line":461,"column":2}},{"start":{"line":461,"column":2},"end":{"line":461,"column":2}}]},"28":{"line":465,"type":"if","locations":[{"start":{"line":465,"column":2},"end":{"line":465,"column":2}},{"start":{"line":465,"column":2},"end":{"line":465,"column":2}}]},"29":{"line":481,"type":"if","locations":[{"start":{"line":481,"column":2},"end":{"line":481,"column":2}},{"start":{"line":481,"column":2},"end":{"line":481,"column":2}}]}},"code":["/**"," * Module dependencies."," */","","var EventEmitter = require('events').EventEmitter;","var util = require('util');","var debug = require('debug')('engine:socket');","","/**"," * Module exports."," */","","module.exports = Socket;","","/**"," * Client class (abstract)."," *"," * @api private"," */","","function Socket (id, server, transport, req) {","  this.id = id;","  this.server = server;","  this.upgrading = false;","  this.upgraded = false;","  this.readyState = 'opening';","  this.writeBuffer = [];","  this.packetsFn = [];","  this.sentCallbackFn = [];","  this.cleanupFn = [];","  this.request = req;","","  // Cache IP since it might not be in the req later","  this.remoteAddress = req.connection.remoteAddress;","","  this.checkIntervalTimer = null;","  this.upgradeTimeoutTimer = null;","  this.pingTimeoutTimer = null;","","  this.setTransport(transport);","  this.onOpen();","}","","/**"," * Inherits from EventEmitter."," */","","util.inherits(Socket, EventEmitter);","","/**"," * Called upon transport considered open."," *"," * @api private"," */","","Socket.prototype.onOpen = function () {","  this.readyState = 'open';","","  // sends an `open` packet","  this.transport.sid = this.id;","  this.sendPacket('open', JSON.stringify({","    sid: this.id,","    upgrades: this.getAvailableUpgrades(),","    pingInterval: this.server.pingInterval,","    pingTimeout: this.server.pingTimeout","  }));","","  if (this.server.initialPacket) {","    this.sendPacket('message', this.server.initialPacket);","  }","","  this.emit('open');","  this.setPingTimeout();","};","","/**"," * Called upon transport packet."," *"," * @param {Object} packet"," * @api private"," */","","Socket.prototype.onPacket = function (packet) {","  if ('open' === this.readyState) {","    // export packet event","    debug('packet');","    this.emit('packet', packet);","","    // Reset ping timeout on any packet, incoming data is a good sign of","    // other side's liveness","    this.setPingTimeout();","","    switch (packet.type) {","","      case 'ping':","        debug('got ping');","        this.sendPacket('pong');","        this.emit('heartbeat');","        break;","","      case 'error':","        this.onClose('parse error');","        break;","","      case 'message':","        this.emit('data', packet.data);","        this.emit('message', packet.data);","        break;","    }","  } else {","    debug('packet received with closed socket');","  }","};","","/**"," * Called upon transport error."," *"," * @param {Error} error object"," * @api private"," */","","Socket.prototype.onError = function (err) {","  debug('transport error');","  this.onClose('transport error', err);","};","","/**"," * Sets and resets ping timeout timer based on client pings."," *"," * @api private"," */","","Socket.prototype.setPingTimeout = function () {","  var self = this;","  clearTimeout(self.pingTimeoutTimer);","  self.pingTimeoutTimer = setTimeout(function () {","    self.onClose('ping timeout');","  }, self.server.pingInterval + self.server.pingTimeout);","};","","/**"," * Attaches handlers for the given transport."," *"," * @param {Transport} transport"," * @api private"," */","","Socket.prototype.setTransport = function (transport) {","  var onError = this.onError.bind(this);","  var onPacket = this.onPacket.bind(this);","  var flush = this.flush.bind(this);","  var onClose = this.onClose.bind(this, 'transport close');","","  this.transport = transport;","  this.transport.once('error', onError);","  this.transport.on('packet', onPacket);","  this.transport.on('drain', flush);","  this.transport.once('close', onClose);","  // this function will manage packet events (also message callbacks)","  this.setupSendCallback();","","  this.cleanupFn.push(function () {","    transport.removeListener('error', onError);","    transport.removeListener('packet', onPacket);","    transport.removeListener('drain', flush);","    transport.removeListener('close', onClose);","  });","};","","/**"," * Upgrades socket to the given transport"," *"," * @param {Transport} transport"," * @api private"," */","","Socket.prototype.maybeUpgrade = function (transport) {","  debug('might upgrade socket transport from \"%s\" to \"%s\"'","    , this.transport.name, transport.name);","","  this.upgrading = true;","","  var self = this;","","  // set transport upgrade timer","  self.upgradeTimeoutTimer = setTimeout(function () {","    debug('client did not complete upgrade - closing transport');","    cleanup();","    if ('open' === transport.readyState) {","      transport.close();","    }","  }, this.server.upgradeTimeout);","","  function onPacket (packet) {","    if ('ping' === packet.type && 'probe' === packet.data) {","      transport.send([{ type: 'pong', data: 'probe' }]);","      self.emit('upgrading', transport);","      clearInterval(self.checkIntervalTimer);","      self.checkIntervalTimer = setInterval(check, 100);","    } else if ('upgrade' === packet.type && self.readyState !== 'closed') {","      debug('got upgrade packet - upgrading');","      cleanup();","      self.transport.discard();","      self.upgraded = true;","      self.clearTransport();","      self.setTransport(transport);","      self.emit('upgrade', transport);","      self.setPingTimeout();","      self.flush();","      if (self.readyState === 'closing') {","        transport.close(function () {","          self.onClose('forced close');","        });","      }","    } else {","      cleanup();","      transport.close();","    }","  }","","  // we force a polling cycle to ensure a fast upgrade","  function check () {","    if ('polling' === self.transport.name && self.transport.writable) {","      debug('writing a noop packet to polling for fast upgrade');","      self.transport.send([{ type: 'noop' }]);","    }","  }","","  function cleanup () {","    self.upgrading = false;","","    clearInterval(self.checkIntervalTimer);","    self.checkIntervalTimer = null;","","    clearTimeout(self.upgradeTimeoutTimer);","    self.upgradeTimeoutTimer = null;","","    transport.removeListener('packet', onPacket);","    transport.removeListener('close', onTransportClose);","    transport.removeListener('error', onError);","    self.removeListener('close', onClose);","  }","","  function onError (err) {","    debug('client did not complete upgrade - %s', err);","    cleanup();","    transport.close();","    transport = null;","  }","","  function onTransportClose () {","    onError('transport closed');","  }","","  function onClose () {","    onError('socket closed');","  }","","  transport.on('packet', onPacket);","  transport.once('close', onTransportClose);","  transport.once('error', onError);","","  self.once('close', onClose);","};","","/**"," * Clears listeners and timers associated with current transport."," *"," * @api private"," */","","Socket.prototype.clearTransport = function () {","  var cleanup;","","  var toCleanUp = this.cleanupFn.length;","","  for (var i = 0; i < toCleanUp; i++) {","    cleanup = this.cleanupFn.shift();","    cleanup();","  }","","  // silence further transport errors and prevent uncaught exceptions","  this.transport.on('error', function () {","    debug('error triggered by discarded transport');","  });","","  // ensure transport won't stay open","  this.transport.close();","","  clearTimeout(this.pingTimeoutTimer);","};","","/**"," * Called upon transport considered closed."," * Possible reasons: `ping timeout`, `client error`, `parse error`,"," * `transport error`, `server close`, `transport close`"," */","","Socket.prototype.onClose = function (reason, description) {","  if ('closed' !== this.readyState) {","    this.readyState = 'closed';","    clearTimeout(this.pingTimeoutTimer);","    clearInterval(this.checkIntervalTimer);","    this.checkIntervalTimer = null;","    clearTimeout(this.upgradeTimeoutTimer);","    var self = this;","    // clean writeBuffer in next tick, so developers can still","    // grab the writeBuffer on 'close' event","    process.nextTick(function () {","      self.writeBuffer = [];","    });","    this.packetsFn = [];","    this.sentCallbackFn = [];","    this.clearTransport();","    this.emit('close', reason, description);","  }","};","","/**"," * Setup and manage send callback"," *"," * @api private"," */","","Socket.prototype.setupSendCallback = function () {","  var self = this;","  this.transport.on('drain', onDrain);","","  this.cleanupFn.push(function () {","    self.transport.removeListener('drain', onDrain);","  });","","  // the message was sent successfully, execute the callback","  function onDrain () {","    if (self.sentCallbackFn.length > 0) {","      var seqFn = self.sentCallbackFn.splice(0, 1)[0];","      if ('function' === typeof seqFn) {","        debug('executing send callback');","        seqFn(self.transport);","      } else if (Array.isArray(seqFn)) {","        debug('executing batch send callback');","        for (var l = seqFn.length, i = 0; i < l; i++) {","          if ('function' === typeof seqFn[i]) {","            seqFn[i](self.transport);","          }","        }","      }","    }","  }","};","","/**"," * Sends a message packet."," *"," * @param {String} message"," * @param {Object} options"," * @param {Function} callback"," * @return {Socket} for chaining"," * @api public"," */","","Socket.prototype.send =","Socket.prototype.write = function (data, options, callback) {","  this.sendPacket('message', data, options, callback);","  return this;","};","","/**"," * Sends a packet."," *"," * @param {String} packet type"," * @param {String} optional, data"," * @param {Object} options"," * @api private"," */","","Socket.prototype.sendPacket = function (type, data, options, callback) {","  if ('function' === typeof options) {","    callback = options;","    options = null;","  }","","  options = options || {};","  options.compress = false !== options.compress;","","  if ('closing' !== this.readyState && 'closed' !== this.readyState) {","    debug('sending packet \"%s\" (%s)', type, data);","","    var packet = {","      type: type,","      options: options","    };","    if (data) packet.data = data;","","    // exports packetCreate event","    this.emit('packetCreate', packet);","","    this.writeBuffer.push(packet);","","    // add send callback to object, if defined","    if (callback) this.packetsFn.push(callback);","","    this.flush();","  }","};","","/**"," * Attempts to flush the packets buffer."," *"," * @api private"," */","","Socket.prototype.flush = function () {","  if ('closed' !== this.readyState &&","                this.transport.writable &&","                this.writeBuffer.length) {","    debug('flushing buffer to transport');","    this.emit('flush', this.writeBuffer);","    this.server.emit('flush', this, this.writeBuffer);","    var wbuf = this.writeBuffer;","    this.writeBuffer = [];","    if (!this.transport.supportsFraming) {","      this.sentCallbackFn.push(this.packetsFn);","    } else {","      this.sentCallbackFn.push.apply(this.sentCallbackFn, this.packetsFn);","    }","    this.packetsFn = [];","    this.transport.send(wbuf);","    this.emit('drain');","    this.server.emit('drain', this);","  }","};","","/**"," * Get available upgrades for this socket."," *"," * @api private"," */","","Socket.prototype.getAvailableUpgrades = function () {","  var availableUpgrades = [];","  var allUpgrades = this.server.upgrades(this.transport.name);","  for (var i = 0, l = allUpgrades.length; i < l; ++i) {","    var upg = allUpgrades[i];","    if (this.server.transports.indexOf(upg) !== -1) {","      availableUpgrades.push(upg);","    }","  }","  return availableUpgrades;","};","","/**"," * Closes the socket and underlying transport."," *"," * @param {Boolean} optional, discard"," * @return {Socket} for chaining"," * @api public"," */","","Socket.prototype.close = function (discard) {","  if ('open' !== this.readyState) return;","","  this.readyState = 'closing';","","  if (this.writeBuffer.length) {","    this.once('drain', this.closeTransport.bind(this, discard));","    return;","  }","","  this.closeTransport(discard);","};","","/**"," * Closes the underlying transport."," *"," * @param {Boolean} discard"," * @api private"," */","","Socket.prototype.closeTransport = function (discard) {","  if (discard) this.transport.discard();","  this.transport.close(this.onClose.bind(this, 'forced close'));","};",""],"l":{"5":1,"6":1,"7":1,"13":1,"21":1,"22":0,"23":0,"24":0,"25":0,"26":0,"27":0,"28":0,"29":0,"30":0,"31":0,"34":0,"36":0,"37":0,"38":0,"40":0,"41":0,"48":1,"56":1,"57":0,"60":0,"61":0,"68":0,"69":0,"72":0,"73":0,"83":1,"84":0,"86":0,"87":0,"91":0,"93":0,"96":0,"97":0,"98":0,"99":0,"102":0,"103":0,"106":0,"107":0,"108":0,"111":0,"122":1,"123":0,"124":0,"133":1,"134":0,"135":0,"136":0,"137":0,"148":1,"149":0,"150":0,"151":0,"152":0,"154":0,"155":0,"156":0,"157":0,"158":0,"160":0,"162":0,"163":0,"164":0,"165":0,"166":0,"177":1,"178":0,"181":0,"183":0,"186":0,"187":0,"188":0,"189":0,"190":0,"194":1,"195":0,"196":0,"197":0,"198":0,"199":0,"200":0,"201":0,"202":0,"203":0,"204":0,"205":0,"206":0,"207":0,"208":0,"209":0,"210":0,"211":0,"212":0,"216":0,"217":0,"222":1,"223":0,"224":0,"225":0,"229":1,"230":0,"232":0,"233":0,"235":0,"236":0,"238":0,"239":0,"240":0,"241":0,"244":1,"245":0,"246":0,"247":0,"248":0,"251":1,"252":0,"255":1,"256":0,"259":0,"260":0,"261":0,"263":0,"272":1,"273":0,"275":0,"277":0,"278":0,"279":0,"283":0,"284":0,"288":0,"290":0,"299":1,"300":0,"301":0,"302":0,"303":0,"304":0,"305":0,"306":0,"309":0,"310":0,"312":0,"313":0,"314":0,"315":0,"325":1,"326":0,"327":0,"329":0,"330":0,"334":1,"335":0,"336":0,"337":0,"338":0,"339":0,"340":0,"341":0,"342":0,"343":0,"344":0,"362":1,"364":0,"365":0,"377":1,"378":0,"379":0,"380":0,"383":0,"384":0,"386":0,"387":0,"389":0,"393":0,"396":0,"398":0,"401":0,"403":0,"413":1,"414":0,"417":0,"418":0,"419":0,"420":0,"421":0,"422":0,"423":0,"425":0,"427":0,"428":0,"429":0,"430":0,"440":1,"441":0,"442":0,"443":0,"444":0,"445":0,"446":0,"449":0,"460":1,"461":0,"463":0,"465":0,"466":0,"467":0,"470":0,"480":1,"481":0,"482":0}}}